2025-11-16 13:54:22,763 - INFO - ================================================================================
2025-11-16 13:54:22,763 - INFO - BoxMagic Check-in Scraper - Starting
2025-11-16 13:54:22,763 - INFO - ================================================================================
2025-11-16 13:54:22,763 - INFO - Starting browser...
2025-11-16 13:54:24,409 - INFO - Using saved session...
2025-11-16 13:54:25,389 - INFO - Logged in using saved session
2025-11-16 13:54:25,389 - INFO - Browser started successfully
2025-11-16 13:54:25,389 - INFO - ✓ Browser ready. Current URL: about:blank
2025-11-16 13:54:25,389 - INFO - 
Starting check-in data scraping for dates 17-22 Nov 2025...

2025-11-16 13:54:25,389 - INFO - 
================================================================================
2025-11-16 13:54:25,389 - INFO - Starting check-in scraping for dates 17-22 of 11/2025
2025-11-16 13:54:25,389 - INFO - ================================================================================

2025-11-16 13:54:25,389 - INFO - Navigating to check-in page: https://boxmagic.cl/checkin/clases
2025-11-16 13:54:27,556 - INFO - ✓ Successfully navigated to https://boxmagic.cl/checkin/clases
2025-11-16 13:54:27,556 - INFO - Current URL: https://auth.boxmagic.cl/login/
2025-11-16 13:54:27,557 - WARNING - Warning: Current URL doesn't contain 'checkin'. Expected: https://boxmagic.cl/checkin/clases
2025-11-16 13:54:27,557 - INFO - Waiting for page to load...
2025-11-16 13:54:45,424 - INFO - ✓ Page loaded (pace-done found)
2025-11-16 13:54:48,583 - INFO - ✓ Screenshot saved: checkin_page_loaded.png
2025-11-16 13:54:48,583 - INFO - 
################################################################################
2025-11-16 13:54:48,583 - INFO - Processing date: 17-11-2025 (Day 1/6)
2025-11-16 13:54:48,583 - INFO - ################################################################################

2025-11-16 13:54:48,583 - INFO - 
============================================================
2025-11-16 13:54:48,583 - INFO - Scraping check-in for date: 17-11-2025
2025-11-16 13:54:48,583 - INFO - ============================================================

2025-11-16 13:54:48,583 - INFO - Attempting to select date: 17-11-2025
2025-11-16 13:54:48,583 - INFO - Selecting date: 17-11-2025
2025-11-16 13:54:48,588 - INFO - Found date input with selector: #class_date
2025-11-16 13:54:48,588 - ERROR - Error with date selector #class_date: evaluate() takes from 2 to 3 positional arguments but 4 were given
2025-11-16 13:54:48,588 - ERROR - Failed to select date: 17-11-2025
2025-11-16 13:54:48,658 - ERROR - ✗ Failed to scrape date: 17-11-2025
2025-11-16 13:54:49,673 - INFO - 
################################################################################
2025-11-16 13:54:49,674 - INFO - Processing date: 18-11-2025 (Day 2/6)
2025-11-16 13:54:49,675 - INFO - ################################################################################

2025-11-16 13:54:49,675 - INFO - 
============================================================
2025-11-16 13:54:49,675 - INFO - Scraping check-in for date: 18-11-2025
2025-11-16 13:54:49,675 - INFO - ============================================================

2025-11-16 13:54:49,675 - INFO - Attempting to select date: 18-11-2025
2025-11-16 13:54:49,675 - INFO - Selecting date: 18-11-2025
2025-11-16 13:54:49,688 - INFO - Found date input with selector: #class_date
2025-11-16 13:54:49,688 - ERROR - Error with date selector #class_date: evaluate() takes from 2 to 3 positional arguments but 4 were given
2025-11-16 13:54:49,688 - ERROR - Failed to select date: 18-11-2025
2025-11-16 13:54:49,790 - ERROR - ✗ Failed to scrape date: 18-11-2025
2025-11-16 13:54:50,791 - INFO - 
################################################################################
2025-11-16 13:54:50,792 - INFO - Processing date: 19-11-2025 (Day 3/6)
2025-11-16 13:54:50,792 - INFO - ################################################################################

2025-11-16 13:54:50,792 - INFO - 
============================================================
2025-11-16 13:54:50,792 - INFO - Scraping check-in for date: 19-11-2025
2025-11-16 13:54:50,792 - INFO - ============================================================

2025-11-16 13:54:50,792 - INFO - Attempting to select date: 19-11-2025
2025-11-16 13:54:50,792 - INFO - Selecting date: 19-11-2025
2025-11-16 13:54:50,798 - INFO - Found date input with selector: #class_date
2025-11-16 13:54:50,798 - ERROR - Error with date selector #class_date: evaluate() takes from 2 to 3 positional arguments but 4 were given
2025-11-16 13:54:50,798 - ERROR - Failed to select date: 19-11-2025
2025-11-16 13:54:50,890 - ERROR - ✗ Failed to scrape date: 19-11-2025
2025-11-16 13:54:51,893 - INFO - 
################################################################################
2025-11-16 13:54:51,893 - INFO - Processing date: 20-11-2025 (Day 4/6)
2025-11-16 13:54:51,893 - INFO - ################################################################################

2025-11-16 13:54:51,893 - INFO - 
============================================================
2025-11-16 13:54:51,894 - INFO - Scraping check-in for date: 20-11-2025
2025-11-16 13:54:51,894 - INFO - ============================================================

2025-11-16 13:54:51,894 - INFO - Attempting to select date: 20-11-2025
2025-11-16 13:54:51,894 - INFO - Selecting date: 20-11-2025
2025-11-16 13:54:51,905 - INFO - Found date input with selector: #class_date
2025-11-16 13:54:51,905 - ERROR - Error with date selector #class_date: evaluate() takes from 2 to 3 positional arguments but 4 were given
2025-11-16 13:54:51,905 - ERROR - Failed to select date: 20-11-2025
2025-11-16 13:54:52,015 - ERROR - ✗ Failed to scrape date: 20-11-2025
2025-11-16 13:54:53,019 - INFO - 
################################################################################
2025-11-16 13:54:53,019 - INFO - Processing date: 21-11-2025 (Day 5/6)
2025-11-16 13:54:53,020 - INFO - ################################################################################

2025-11-16 13:54:53,020 - INFO - 
============================================================
2025-11-16 13:54:53,020 - INFO - Scraping check-in for date: 21-11-2025
2025-11-16 13:54:53,020 - INFO - ============================================================

2025-11-16 13:54:53,020 - INFO - Attempting to select date: 21-11-2025
2025-11-16 13:54:53,020 - INFO - Selecting date: 21-11-2025
2025-11-16 13:54:53,031 - INFO - Found date input with selector: #class_date
2025-11-16 13:54:53,031 - ERROR - Error with date selector #class_date: evaluate() takes from 2 to 3 positional arguments but 4 were given
2025-11-16 13:54:53,032 - ERROR - Failed to select date: 21-11-2025
2025-11-16 13:54:53,133 - ERROR - ✗ Failed to scrape date: 21-11-2025
2025-11-16 13:54:54,137 - INFO - 
################################################################################
2025-11-16 13:54:54,137 - INFO - Processing date: 22-11-2025 (Day 6/6)
2025-11-16 13:54:54,138 - INFO - ################################################################################

2025-11-16 13:54:54,138 - INFO - 
============================================================
2025-11-16 13:54:54,138 - INFO - Scraping check-in for date: 22-11-2025
2025-11-16 13:54:54,138 - INFO - ============================================================

2025-11-16 13:54:54,138 - INFO - Attempting to select date: 22-11-2025
2025-11-16 13:54:54,138 - INFO - Selecting date: 22-11-2025
2025-11-16 13:54:54,149 - INFO - Found date input with selector: #class_date
2025-11-16 13:54:54,149 - ERROR - Error with date selector #class_date: evaluate() takes from 2 to 3 positional arguments but 4 were given
2025-11-16 13:54:54,150 - ERROR - Failed to select date: 22-11-2025
2025-11-16 13:54:54,248 - ERROR - ✗ Failed to scrape date: 22-11-2025
2025-11-16 13:54:55,251 - INFO - 
================================================================================
2025-11-16 13:54:55,252 - INFO - CHECK-IN SCRAPING SUMMARY
2025-11-16 13:54:55,252 - INFO - ================================================================================
2025-11-16 13:54:55,252 - INFO - Total dates processed: 0
2025-11-16 13:54:55,252 - INFO - Total classes: 0
2025-11-16 13:54:55,252 - INFO - Total reservations: 0
2025-11-16 13:54:55,252 - INFO - ================================================================================

2025-11-16 13:54:55,252 - WARNING - ⚠ No check-in data returned!
2025-11-16 13:54:55,253 - INFO - 
✓ Check-in data saved to: /Users/carloshernandez/Desktop/scraper/data/output/checkin_data_20251116_135455.json
2025-11-16 13:54:55,485 - INFO - Browser closed
2025-11-16 13:54:55,486 - INFO - ================================================================================
2025-11-16 13:54:55,486 - INFO - ✓ Scraping completed successfully!
2025-11-16 13:54:55,486 - INFO - ================================================================================
2025-11-16 13:56:46,281 - INFO - ================================================================================
2025-11-16 13:56:46,281 - INFO - BoxMagic Check-in Scraper - Starting
2025-11-16 13:56:46,281 - INFO - ================================================================================
2025-11-16 13:56:46,281 - INFO - Starting browser...
2025-11-16 13:56:47,718 - INFO - Using saved session...
2025-11-16 13:56:48,578 - INFO - Logged in using saved session
2025-11-16 13:56:48,579 - INFO - Browser started successfully
2025-11-16 13:56:48,579 - INFO - ✓ Browser ready. Current URL: about:blank
2025-11-16 13:56:48,579 - INFO - 
Starting check-in data scraping for dates 17-22 Nov 2025...

2025-11-16 13:56:48,579 - INFO - 
================================================================================
2025-11-16 13:56:48,579 - INFO - Starting check-in scraping for dates 17-22 of 11/2025
2025-11-16 13:56:48,579 - INFO - ================================================================================

2025-11-16 13:56:48,579 - INFO - Navigating to check-in page: https://boxmagic.cl/checkin/clases
2025-11-16 13:56:50,794 - INFO - ✓ Successfully navigated to https://boxmagic.cl/checkin/clases
2025-11-16 13:56:50,795 - INFO - Current URL: https://auth.boxmagic.cl/login/
2025-11-16 13:56:50,795 - WARNING - Warning: Current URL doesn't contain 'checkin'. Expected: https://boxmagic.cl/checkin/clases
2025-11-16 13:56:50,795 - INFO - Waiting for page to load...
2025-11-16 13:57:12,228 - INFO - ✓ Page loaded (pace-done found)
2025-11-16 13:57:15,360 - INFO - ✓ Screenshot saved: checkin_page_loaded.png
2025-11-16 13:57:15,361 - INFO - 
################################################################################
2025-11-16 13:57:15,361 - INFO - Processing date: 17-11-2025 (Day 1/6)
2025-11-16 13:57:15,361 - INFO - ################################################################################

2025-11-16 13:57:15,361 - INFO - 
============================================================
2025-11-16 13:57:15,361 - INFO - Scraping check-in for date: 17-11-2025
2025-11-16 13:57:15,361 - INFO - ============================================================

2025-11-16 13:57:15,361 - INFO - Attempting to select date: 17-11-2025
2025-11-16 13:57:15,361 - INFO - Selecting date: 17-11-2025
2025-11-16 13:57:15,366 - INFO - Found date input with selector: #class_date
2025-11-16 13:57:16,379 - INFO - ✓ Date selected: 17-11-2025
2025-11-16 13:57:16,379 - INFO - ✓ Date selected successfully: 17-11-2025
2025-11-16 13:57:16,379 - INFO - Getting available classes for selected date...
2025-11-16 13:57:19,400 - WARNING - No classes found in dropdown (might still be loading)
2025-11-16 13:57:21,410 - WARNING - No classes found for selected date
2025-11-16 13:57:21,411 - WARNING - No classes found for date: 17-11-2025
2025-11-16 13:57:21,411 - INFO - ✓ Date 17-11-2025: 0 classes, 0 total reservations
2025-11-16 13:57:22,415 - INFO - 
################################################################################
2025-11-16 13:57:22,415 - INFO - Processing date: 18-11-2025 (Day 2/6)
2025-11-16 13:57:22,415 - INFO - ################################################################################

2025-11-16 13:57:22,415 - INFO - 
============================================================
2025-11-16 13:57:22,415 - INFO - Scraping check-in for date: 18-11-2025
2025-11-16 13:57:22,416 - INFO - ============================================================

2025-11-16 13:57:22,416 - INFO - Attempting to select date: 18-11-2025
2025-11-16 13:57:22,416 - INFO - Selecting date: 18-11-2025
2025-11-16 13:57:22,428 - INFO - Found date input with selector: #class_date
2025-11-16 13:57:23,467 - INFO - ✓ Date selected: 18-11-2025
2025-11-16 13:57:23,468 - INFO - ✓ Date selected successfully: 18-11-2025
2025-11-16 13:57:23,468 - INFO - Getting available classes for selected date...
2025-11-16 13:57:26,487 - WARNING - No classes found in dropdown (might still be loading)
2025-11-16 13:57:28,492 - WARNING - No classes found for selected date
2025-11-16 13:57:28,492 - WARNING - No classes found for date: 18-11-2025
2025-11-16 13:57:28,492 - INFO - ✓ Date 18-11-2025: 0 classes, 0 total reservations
2025-11-16 13:57:29,494 - INFO - 
################################################################################
2025-11-16 13:57:29,494 - INFO - Processing date: 19-11-2025 (Day 3/6)
2025-11-16 13:57:29,494 - INFO - ################################################################################

2025-11-16 13:57:29,495 - INFO - 
============================================================
2025-11-16 13:57:29,495 - INFO - Scraping check-in for date: 19-11-2025
2025-11-16 13:57:29,495 - INFO - ============================================================

2025-11-16 13:57:29,495 - INFO - Attempting to select date: 19-11-2025
2025-11-16 13:57:29,495 - INFO - Selecting date: 19-11-2025
2025-11-16 13:57:29,501 - INFO - Found date input with selector: #class_date
2025-11-16 13:57:30,506 - INFO - ✓ Date selected: 19-11-2025
2025-11-16 13:57:30,506 - INFO - ✓ Date selected successfully: 19-11-2025
2025-11-16 13:57:30,506 - INFO - Getting available classes for selected date...
2025-11-16 13:57:33,522 - WARNING - No classes found in dropdown (might still be loading)
2025-11-16 13:57:35,529 - WARNING - No classes found for selected date
2025-11-16 13:57:35,529 - WARNING - No classes found for date: 19-11-2025
2025-11-16 13:57:35,529 - INFO - ✓ Date 19-11-2025: 0 classes, 0 total reservations
2025-11-16 13:57:36,532 - INFO - 
################################################################################
2025-11-16 13:57:36,532 - INFO - Processing date: 20-11-2025 (Day 4/6)
2025-11-16 13:57:36,532 - INFO - ################################################################################

2025-11-16 13:57:36,532 - INFO - 
============================================================
2025-11-16 13:57:36,532 - INFO - Scraping check-in for date: 20-11-2025
2025-11-16 13:57:36,532 - INFO - ============================================================

2025-11-16 13:57:36,532 - INFO - Attempting to select date: 20-11-2025
2025-11-16 13:57:36,532 - INFO - Selecting date: 20-11-2025
2025-11-16 13:57:36,624 - INFO - Found date input with selector: #class_date
2025-11-16 13:57:37,631 - INFO - ✓ Date selected: 20-11-2025
2025-11-16 13:57:37,631 - INFO - ✓ Date selected successfully: 20-11-2025
2025-11-16 13:57:37,632 - INFO - Getting available classes for selected date...
2025-11-16 13:57:40,650 - WARNING - No classes found in dropdown (might still be loading)
2025-11-16 13:57:42,657 - WARNING - No classes found for selected date
2025-11-16 13:57:42,657 - WARNING - No classes found for date: 20-11-2025
2025-11-16 13:57:42,657 - INFO - ✓ Date 20-11-2025: 0 classes, 0 total reservations
2025-11-16 13:57:43,661 - INFO - 
################################################################################
2025-11-16 13:57:43,661 - INFO - Processing date: 21-11-2025 (Day 5/6)
2025-11-16 13:57:43,662 - INFO - ################################################################################

2025-11-16 13:57:43,662 - INFO - 
============================================================
2025-11-16 13:57:43,662 - INFO - Scraping check-in for date: 21-11-2025
2025-11-16 13:57:43,662 - INFO - ============================================================

2025-11-16 13:57:43,662 - INFO - Attempting to select date: 21-11-2025
2025-11-16 13:57:43,662 - INFO - Selecting date: 21-11-2025
2025-11-16 13:57:43,672 - INFO - Found date input with selector: #class_date
2025-11-16 13:57:44,681 - INFO - ✓ Date selected: 21-11-2025
2025-11-16 13:57:44,682 - INFO - ✓ Date selected successfully: 21-11-2025
2025-11-16 13:57:44,682 - INFO - Getting available classes for selected date...
2025-11-16 13:57:47,694 - WARNING - No classes found in dropdown (might still be loading)
2025-11-16 13:57:49,702 - WARNING - No classes found for selected date
2025-11-16 13:57:49,702 - WARNING - No classes found for date: 21-11-2025
2025-11-16 13:57:49,702 - INFO - ✓ Date 21-11-2025: 0 classes, 0 total reservations
2025-11-16 13:57:50,704 - INFO - 
################################################################################
2025-11-16 13:57:50,705 - INFO - Processing date: 22-11-2025 (Day 6/6)
2025-11-16 13:57:50,705 - INFO - ################################################################################

2025-11-16 13:57:50,705 - INFO - 
============================================================
2025-11-16 13:57:50,705 - INFO - Scraping check-in for date: 22-11-2025
2025-11-16 13:57:50,705 - INFO - ============================================================

2025-11-16 13:57:50,706 - INFO - Attempting to select date: 22-11-2025
2025-11-16 13:57:50,706 - INFO - Selecting date: 22-11-2025
2025-11-16 13:57:50,716 - INFO - Found date input with selector: #class_date
2025-11-16 13:57:51,723 - INFO - ✓ Date selected: 22-11-2025
2025-11-16 13:57:51,724 - INFO - ✓ Date selected successfully: 22-11-2025
2025-11-16 13:57:51,724 - INFO - Getting available classes for selected date...
2025-11-16 13:57:54,740 - WARNING - No classes found in dropdown (might still be loading)
2025-11-16 13:57:56,745 - WARNING - No classes found for selected date
2025-11-16 13:57:56,745 - WARNING - No classes found for date: 22-11-2025
2025-11-16 13:57:56,745 - INFO - ✓ Date 22-11-2025: 0 classes, 0 total reservations
2025-11-16 13:57:57,748 - INFO - 
================================================================================
2025-11-16 13:57:57,749 - INFO - CHECK-IN SCRAPING SUMMARY
2025-11-16 13:57:57,749 - INFO - ================================================================================
2025-11-16 13:57:57,749 - INFO - Total dates processed: 6
2025-11-16 13:57:57,749 - INFO - Total classes: 0
2025-11-16 13:57:57,749 - INFO - Total reservations: 0
2025-11-16 13:57:57,749 - INFO - ================================================================================

2025-11-16 13:57:57,752 - INFO - 
✓ Check-in data saved to: /Users/carloshernandez/Desktop/scraper/data/output/checkin_data_20251116_135757.json
2025-11-16 13:57:57,752 - INFO - 
================================================================================
2025-11-16 13:57:57,752 - INFO - CHECK-IN SCRAPING SUMMARY
2025-11-16 13:57:57,752 - INFO - ================================================================================
2025-11-16 13:57:57,752 - INFO -   Total dates processed:    6
2025-11-16 13:57:57,752 - INFO -   Total classes found:      0
2025-11-16 13:57:57,752 - INFO -   Total reservations:       0
2025-11-16 13:57:57,752 - INFO - ================================================================================

2025-11-16 13:57:57,752 - INFO - Breakdown by date:
2025-11-16 13:57:57,753 - INFO -   17-11-2025: 0 classes, 0 reservations
2025-11-16 13:57:57,753 - INFO -   18-11-2025: 0 classes, 0 reservations
2025-11-16 13:57:57,753 - INFO -   19-11-2025: 0 classes, 0 reservations
2025-11-16 13:57:57,753 - INFO -   20-11-2025: 0 classes, 0 reservations
2025-11-16 13:57:57,753 - INFO -   21-11-2025: 0 classes, 0 reservations
2025-11-16 13:57:57,753 - INFO -   22-11-2025: 0 classes, 0 reservations
2025-11-16 13:57:57,753 - INFO - 
2025-11-16 13:57:57,990 - INFO - Browser closed
2025-11-16 13:57:57,990 - INFO - ================================================================================
2025-11-16 13:57:57,991 - INFO - ✓ Scraping completed successfully!
2025-11-16 13:57:57,991 - INFO - ================================================================================
2025-11-16 14:01:44,827 - INFO - ================================================================================
2025-11-16 14:01:44,827 - INFO - BoxMagic Check-in Scraper - Starting
2025-11-16 14:01:44,827 - INFO - ================================================================================
2025-11-16 14:01:44,827 - INFO - Starting browser...
2025-11-16 14:01:46,630 - INFO - Using saved session...
2025-11-16 14:01:47,506 - INFO - Logged in using saved session
2025-11-16 14:01:47,506 - INFO - Browser started successfully
2025-11-16 14:01:47,506 - INFO - ✓ Browser ready. Current URL: about:blank
2025-11-16 14:01:47,506 - INFO - 
Starting check-in data scraping for dates 17-22 Nov 2025...

2025-11-16 14:01:47,506 - INFO - 
================================================================================
2025-11-16 14:01:47,506 - INFO - Starting check-in scraping for dates 17-22 of 11/2025
2025-11-16 14:01:47,506 - INFO - ================================================================================

2025-11-16 14:01:47,506 - INFO - Navigating to check-in page: https://boxmagic.cl/checkin/clases
2025-11-16 14:01:49,734 - INFO - ✓ Successfully navigated to https://boxmagic.cl/checkin/clases
2025-11-16 14:01:49,734 - INFO - Current URL: https://auth.boxmagic.cl/login/
2025-11-16 14:01:49,734 - WARNING - Warning: Current URL doesn't contain 'checkin'. Expected: https://boxmagic.cl/checkin/clases
2025-11-16 14:01:49,734 - INFO - Waiting for page to load...
2025-11-16 14:02:06,471 - INFO - ✓ Page loaded (pace-done found)
2025-11-16 14:02:09,583 - INFO - ✓ Screenshot saved: checkin_page_loaded.png
2025-11-16 14:02:09,583 - INFO - 
################################################################################
2025-11-16 14:02:09,583 - INFO - Processing date: 17-11-2025 (Day 1/6)
2025-11-16 14:02:09,583 - INFO - ################################################################################

2025-11-16 14:02:09,583 - INFO - 
============================================================
2025-11-16 14:02:09,583 - INFO - Scraping check-in for date: 17-11-2025
2025-11-16 14:02:09,583 - INFO - ============================================================

2025-11-16 14:02:09,584 - INFO - Attempting to select date: 17-11-2025
2025-11-16 14:02:09,584 - INFO - Selecting date: 17-11-2025
2025-11-16 14:02:09,587 - INFO - Found date input with selector: #class_date
2025-11-16 14:02:09,596 - INFO - Waiting for classes dropdown to populate...
2025-11-16 14:02:12,710 - INFO - ✓ Date selected: 17-11-2025
2025-11-16 14:02:12,710 - INFO - ✓ Date selected successfully: 17-11-2025
2025-11-16 14:02:12,710 - INFO - Getting available classes for selected date...
2025-11-16 14:02:12,715 - INFO - ✓ Class dropdown found
2025-11-16 14:02:12,719 - INFO - Waiting for classes to load...
2025-11-16 14:02:12,723 - INFO - ✓ Loading complete
2025-11-16 14:02:15,745 - INFO - ✓ Found 14 classes for this date
2025-11-16 14:02:15,745 - INFO -   - Class 1: Sesión grupal 6:00 am - 06:00 a 07:00 - Presencial
2025-11-16 14:02:15,745 - INFO -   - Class 2: Sesión grupal 7:00 am - 07:00 a 08:00 - Presencial
2025-11-16 14:02:15,745 - INFO -   - Class 3: Sesión grupal 8:00 am - 08:00 a 09:00 - Presencial
2025-11-16 14:02:15,745 - INFO -   ... and 11 more
2025-11-16 14:02:15,745 - INFO - 
Processing class 1/14: Sesión grupal 6:00 am - 06:00 a 07:00 - Presencial
2025-11-16 14:02:15,746 - INFO - Selecting class: Sesión grupal 6:00 am - 06:00 a 07:00 - Presencial
2025-11-16 14:02:15,762 - ERROR - Error selecting class: evaluate() takes from 2 to 3 positional arguments but 4 were given
2025-11-16 14:02:17,764 - INFO - Fetching data from API: https://boxmagic.cl/checkin/get_alumnos_clase/104996-237092?fecha_where=17-11-2025&method=alumnos
2025-11-16 14:02:20,528 - INFO - ✓ Retrieved 1 reservations from API for class: Sesión grupal 6:00 am - 06:00 a 07:00 - Presencial
2025-11-16 14:02:20,529 - INFO - ✓ Completed: 1 reservations
2025-11-16 14:02:21,533 - INFO - 
Processing class 2/14: Sesión grupal 7:00 am - 07:00 a 08:00 - Presencial
2025-11-16 14:02:21,533 - INFO - Selecting class: Sesión grupal 7:00 am - 07:00 a 08:00 - Presencial
2025-11-16 14:02:21,552 - ERROR - Error selecting class: evaluate() takes from 2 to 3 positional arguments but 4 were given
2025-11-16 14:02:23,556 - INFO - Fetching data from API: https://boxmagic.cl/checkin/get_alumnos_clase/105109-237407?fecha_where=17-11-2025&method=alumnos
2025-11-16 14:02:26,105 - INFO - ✓ Retrieved 0 reservations from API for class: Sesión grupal 7:00 am - 07:00 a 08:00 - Presencial
2025-11-16 14:02:26,105 - INFO - ✓ Completed: 0 reservations
2025-11-16 14:02:27,107 - INFO - 
Processing class 3/14: Sesión grupal 8:00 am - 08:00 a 09:00 - Presencial
2025-11-16 14:02:27,108 - INFO - Selecting class: Sesión grupal 8:00 am - 08:00 a 09:00 - Presencial
2025-11-16 14:02:27,119 - ERROR - Error selecting class: evaluate() takes from 2 to 3 positional arguments but 4 were given
2025-11-16 14:02:29,128 - INFO - Fetching data from API: https://boxmagic.cl/checkin/get_alumnos_clase/105110-237410?fecha_where=17-11-2025&method=alumnos
2025-11-16 14:02:31,541 - INFO - ✓ Retrieved 0 reservations from API for class: Sesión grupal 8:00 am - 08:00 a 09:00 - Presencial
2025-11-16 14:02:31,541 - INFO - ✓ Completed: 0 reservations
2025-11-16 14:02:32,545 - INFO - 
Processing class 4/14: Sesión grupal 9:00 am - 09:00 a 10:00 - Presencial
2025-11-16 14:02:32,545 - INFO - Selecting class: Sesión grupal 9:00 am - 09:00 a 10:00 - Presencial
2025-11-16 14:02:32,553 - ERROR - Error selecting class: evaluate() takes from 2 to 3 positional arguments but 4 were given
2025-11-16 14:02:34,557 - INFO - Fetching data from API: https://boxmagic.cl/checkin/get_alumnos_clase/105111-237415?fecha_where=17-11-2025&method=alumnos
2025-11-16 14:02:37,068 - INFO - ✓ Retrieved 0 reservations from API for class: Sesión grupal 9:00 am - 09:00 a 10:00 - Presencial
2025-11-16 14:02:37,069 - INFO - ✓ Completed: 0 reservations
2025-11-16 14:02:38,072 - INFO - 
Processing class 5/14: Privadas Hector - 10:00 a 11:00 - Presencial
2025-11-16 14:02:38,073 - INFO - Selecting class: Privadas Hector - 10:00 a 11:00 - Presencial
2025-11-16 14:02:38,084 - ERROR - Error selecting class: evaluate() takes from 2 to 3 positional arguments but 4 were given
2025-11-16 14:02:40,087 - INFO - Fetching data from API: https://boxmagic.cl/checkin/get_alumnos_clase/118024-260998?fecha_where=17-11-2025&method=alumnos
2025-11-16 14:02:42,589 - INFO - ✓ Retrieved 0 reservations from API for class: Privadas Hector - 10:00 a 11:00 - Presencial
2025-11-16 14:02:42,589 - INFO - ✓ Completed: 0 reservations
2025-11-16 14:02:43,592 - INFO - 
Processing class 6/14: Sesión semiprivada 10:15 am - 10:15 a 11:15 - Presencial
2025-11-16 14:02:43,593 - INFO - Selecting class: Sesión semiprivada 10:15 am - 10:15 a 11:15 - Presencial
2025-11-16 14:02:43,603 - ERROR - Error selecting class: evaluate() takes from 2 to 3 positional arguments but 4 were given
2025-11-16 14:02:45,607 - INFO - Fetching data from API: https://boxmagic.cl/checkin/get_alumnos_clase/105112-237418?fecha_where=17-11-2025&method=alumnos
2025-11-16 14:02:48,045 - INFO - ✓ Retrieved 0 reservations from API for class: Sesión semiprivada 10:15 am - 10:15 a 11:15 - Presencial
2025-11-16 14:02:48,046 - INFO - ✓ Completed: 0 reservations
2025-11-16 14:02:49,051 - INFO - 
Processing class 7/14: Privadas Hector - 11:00 a 00:00 - Presencial
2025-11-16 14:02:49,052 - INFO - Selecting class: Privadas Hector - 11:00 a 00:00 - Presencial
2025-11-16 14:02:49,064 - ERROR - Error selecting class: evaluate() takes from 2 to 3 positional arguments but 4 were given
2025-11-16 14:02:51,066 - INFO - Fetching data from API: https://boxmagic.cl/checkin/get_alumnos_clase/118025-261002?fecha_where=17-11-2025&method=alumnos
2025-11-16 14:02:53,552 - INFO - ✓ Retrieved 0 reservations from API for class: Privadas Hector - 11:00 a 00:00 - Presencial
2025-11-16 14:02:53,552 - INFO - ✓ Completed: 0 reservations
2025-11-16 14:02:54,556 - INFO - 
Processing class 8/14: Privadas Hector - 12:00 a 13:00 - Presencial
2025-11-16 14:02:54,556 - INFO - Selecting class: Privadas Hector - 12:00 a 13:00 - Presencial
2025-11-16 14:02:54,565 - ERROR - Error selecting class: evaluate() takes from 2 to 3 positional arguments but 4 were given
2025-11-16 14:02:56,568 - INFO - Fetching data from API: https://boxmagic.cl/checkin/get_alumnos_clase/118026-261006?fecha_where=17-11-2025&method=alumnos
2025-11-16 14:02:59,081 - INFO - ✓ Retrieved 0 reservations from API for class: Privadas Hector - 12:00 a 13:00 - Presencial
2025-11-16 14:02:59,081 - INFO - ✓ Completed: 0 reservations
2025-11-16 14:03:00,083 - INFO - 
Processing class 9/14: Sesión privada 3:00 pm - 15:00 a 16:00 - Presencial
2025-11-16 14:03:00,084 - INFO - Selecting class: Sesión privada 3:00 pm - 15:00 a 16:00 - Presencial
2025-11-16 14:03:00,092 - ERROR - Error selecting class: evaluate() takes from 2 to 3 positional arguments but 4 were given
2025-11-16 14:03:02,095 - INFO - Fetching data from API: https://boxmagic.cl/checkin/get_alumnos_clase/107304-241499?fecha_where=17-11-2025&method=alumnos
2025-11-16 14:03:04,715 - INFO - ✓ Retrieved 0 reservations from API for class: Sesión privada 3:00 pm - 15:00 a 16:00 - Presencial
2025-11-16 14:03:04,716 - INFO - ✓ Completed: 0 reservations
2025-11-16 14:03:05,719 - INFO - 
Processing class 10/14: Sesión semiprivada 4:00 pm - 16:00 a 17:00 - Presencial
2025-11-16 14:03:05,720 - INFO - Selecting class: Sesión semiprivada 4:00 pm - 16:00 a 17:00 - Presencial
2025-11-16 14:03:05,732 - ERROR - Error selecting class: evaluate() takes from 2 to 3 positional arguments but 4 were given
2025-11-16 14:03:07,734 - INFO - Fetching data from API: https://boxmagic.cl/checkin/get_alumnos_clase/107295-241480?fecha_where=17-11-2025&method=alumnos
2025-11-16 14:03:10,246 - INFO - ✓ Retrieved 0 reservations from API for class: Sesión semiprivada 4:00 pm - 16:00 a 17:00 - Presencial
2025-11-16 14:03:10,246 - INFO - ✓ Completed: 0 reservations
2025-11-16 14:03:11,249 - INFO - 
Processing class 11/14: Sesión grupal 5:00 pm - 17:00 a 18:00 - Presencial
2025-11-16 14:03:11,250 - INFO - Selecting class: Sesión grupal 5:00 pm - 17:00 a 18:00 - Presencial
2025-11-16 14:03:11,262 - ERROR - Error selecting class: evaluate() takes from 2 to 3 positional arguments but 4 were given
2025-11-16 14:03:13,266 - INFO - Fetching data from API: https://boxmagic.cl/checkin/get_alumnos_clase/107297-241485?fecha_where=17-11-2025&method=alumnos
2025-11-16 14:03:15,935 - INFO - ✓ Retrieved 0 reservations from API for class: Sesión grupal 5:00 pm - 17:00 a 18:00 - Presencial
2025-11-16 14:03:15,936 - INFO - ✓ Completed: 0 reservations
2025-11-16 14:03:16,939 - INFO - 
Processing class 12/14: Sesión grupal 6:00 pm - 18:00 a 19:00 - Presencial
2025-11-16 14:03:16,939 - INFO - Selecting class: Sesión grupal 6:00 pm - 18:00 a 19:00 - Presencial
2025-11-16 14:03:16,955 - ERROR - Error selecting class: evaluate() takes from 2 to 3 positional arguments but 4 were given
2025-11-16 14:03:18,957 - INFO - Fetching data from API: https://boxmagic.cl/checkin/get_alumnos_clase/107301-241491?fecha_where=17-11-2025&method=alumnos
2025-11-16 14:03:21,536 - INFO - ✓ Retrieved 0 reservations from API for class: Sesión grupal 6:00 pm - 18:00 a 19:00 - Presencial
2025-11-16 14:03:21,536 - INFO - ✓ Completed: 0 reservations
2025-11-16 14:03:22,541 - INFO - 
Processing class 13/14: Sesión grupal 7:00 pm - 19:00 a 20:00 - Presencial
2025-11-16 14:03:22,541 - INFO - Selecting class: Sesión grupal 7:00 pm - 19:00 a 20:00 - Presencial
2025-11-16 14:03:22,552 - ERROR - Error selecting class: evaluate() takes from 2 to 3 positional arguments but 4 were given
2025-11-16 14:03:24,555 - INFO - Fetching data from API: https://boxmagic.cl/checkin/get_alumnos_clase/107302-241494?fecha_where=17-11-2025&method=alumnos
2025-11-16 14:03:27,093 - INFO - ✓ Retrieved 0 reservations from API for class: Sesión grupal 7:00 pm - 19:00 a 20:00 - Presencial
2025-11-16 14:03:27,093 - INFO - ✓ Completed: 0 reservations
2025-11-16 14:03:28,097 - INFO - 
Processing class 14/14: Sesión grupal 8:00 pm - 20:00 a 21:00 - Presencial
2025-11-16 14:03:28,098 - INFO - Selecting class: Sesión grupal 8:00 pm - 20:00 a 21:00 - Presencial
2025-11-16 14:03:28,109 - ERROR - Error selecting class: evaluate() takes from 2 to 3 positional arguments but 4 were given
2025-11-16 14:03:30,113 - INFO - Fetching data from API: https://boxmagic.cl/checkin/get_alumnos_clase/107303-241497?fecha_where=17-11-2025&method=alumnos
2025-11-16 14:03:32,663 - INFO - ✓ Retrieved 0 reservations from API for class: Sesión grupal 8:00 pm - 20:00 a 21:00 - Presencial
2025-11-16 14:03:32,663 - INFO - ✓ Completed: 0 reservations
2025-11-16 14:03:33,666 - INFO - 
✓ Completed scraping for date 17-11-2025: 14 classes
2025-11-16 14:03:33,666 - INFO - ✓ Date 17-11-2025: 14 classes, 1 total reservations
2025-11-16 14:03:34,670 - INFO - 
################################################################################
2025-11-16 14:03:34,671 - INFO - Processing date: 18-11-2025 (Day 2/6)
2025-11-16 14:03:34,671 - INFO - ################################################################################

2025-11-16 14:03:34,671 - INFO - 
============================================================
2025-11-16 14:03:34,671 - INFO - Scraping check-in for date: 18-11-2025
2025-11-16 14:03:34,671 - INFO - ============================================================

2025-11-16 14:03:34,671 - INFO - Attempting to select date: 18-11-2025
2025-11-16 14:03:34,671 - INFO - Selecting date: 18-11-2025
2025-11-16 14:03:34,683 - INFO - Found date input with selector: #class_date
2025-11-16 14:03:34,698 - INFO - Waiting for classes dropdown to populate...
2025-11-16 14:03:38,340 - INFO - ✓ Date selected: 18-11-2025
2025-11-16 14:03:38,340 - INFO - ✓ Date selected successfully: 18-11-2025
2025-11-16 14:03:38,340 - INFO - Getting available classes for selected date...
2025-11-16 14:03:38,344 - INFO - ✓ Class dropdown found
2025-11-16 14:03:38,347 - INFO - Waiting for classes to load...
2025-11-16 14:03:38,352 - INFO - ✓ Loading complete
2025-11-16 14:03:41,367 - INFO - ✓ Found 3 classes for this date
2025-11-16 14:03:41,368 - INFO -   - Class 1: Sesión privada 6:00 am - 06:00 a 07:00 - Presencial
2025-11-16 14:03:41,368 - INFO -   - Class 2: Sesión semiprivada 7:00 am - 07:00 a 08:00 - Presencial
2025-11-16 14:03:41,368 - INFO -   - Class 3: Sesión grupal 8:00 am - 08:00 a 09:00 - Presencial
2025-11-16 14:03:41,368 - INFO - 
Processing class 1/3: Sesión privada 6:00 am - 06:00 a 07:00 - Presencial
2025-11-16 14:03:41,368 - INFO - Selecting class: Sesión privada 6:00 am - 06:00 a 07:00 - Presencial
2025-11-16 14:03:41,381 - ERROR - Error selecting class: evaluate() takes from 2 to 3 positional arguments but 4 were given
2025-11-16 14:03:43,385 - INFO - Fetching data from API: https://boxmagic.cl/checkin/get_alumnos_clase/105113-237421?fecha_where=18-11-2025&method=alumnos
2025-11-16 14:03:45,877 - INFO - ✓ Retrieved 0 reservations from API for class: Sesión privada 6:00 am - 06:00 a 07:00 - Presencial
2025-11-16 14:03:45,878 - INFO - ✓ Completed: 0 reservations
2025-11-16 14:03:46,881 - INFO - 
Processing class 2/3: Sesión semiprivada 7:00 am - 07:00 a 08:00 - Presencial
2025-11-16 14:03:46,882 - INFO - Selecting class: Sesión semiprivada 7:00 am - 07:00 a 08:00 - Presencial
2025-11-16 14:03:46,890 - ERROR - Error selecting class: evaluate() takes from 2 to 3 positional arguments but 4 were given
2025-11-16 14:03:48,896 - INFO - Fetching data from API: https://boxmagic.cl/checkin/get_alumnos_clase/107296-241483?fecha_where=18-11-2025&method=alumnos
2025-11-16 14:03:51,470 - INFO - ✓ Retrieved 1 reservations from API for class: Sesión semiprivada 7:00 am - 07:00 a 08:00 - Presencial
2025-11-16 14:03:51,470 - INFO - ✓ Completed: 1 reservations
2025-11-16 14:03:52,473 - INFO - 
Processing class 3/3: Sesión grupal 8:00 am - 08:00 a 09:00 - Presencial
2025-11-16 14:03:52,474 - INFO - Selecting class: Sesión grupal 8:00 am - 08:00 a 09:00 - Presencial
2025-11-16 14:03:52,486 - ERROR - Error selecting class: evaluate() takes from 2 to 3 positional arguments but 4 were given
2025-11-16 14:03:54,489 - INFO - Fetching data from API: https://boxmagic.cl/checkin/get_alumnos_clase/105110-237411?fecha_where=18-11-2025&method=alumnos
2025-11-16 14:03:56,880 - INFO - ✓ Retrieved 0 reservations from API for class: Sesión grupal 8:00 am - 08:00 a 09:00 - Presencial
2025-11-16 14:03:56,880 - INFO - ✓ Completed: 0 reservations
2025-11-16 14:03:57,883 - INFO - 
✓ Completed scraping for date 18-11-2025: 3 classes
2025-11-16 14:03:57,884 - INFO - ✓ Date 18-11-2025: 3 classes, 1 total reservations
2025-11-16 14:03:58,889 - INFO - 
################################################################################
2025-11-16 14:03:58,889 - INFO - Processing date: 19-11-2025 (Day 3/6)
2025-11-16 14:03:58,890 - INFO - ################################################################################

2025-11-16 14:03:58,890 - INFO - 
============================================================
2025-11-16 14:03:58,890 - INFO - Scraping check-in for date: 19-11-2025
2025-11-16 14:03:58,890 - INFO - ============================================================

2025-11-16 14:03:58,890 - INFO - Attempting to select date: 19-11-2025
2025-11-16 14:03:58,890 - INFO - Selecting date: 19-11-2025
2025-11-16 14:03:58,907 - INFO - Found date input with selector: #class_date
2025-11-16 14:03:58,922 - INFO - Waiting for classes dropdown to populate...
2025-11-16 14:04:02,039 - INFO - ✓ Date selected: 19-11-2025
2025-11-16 14:04:02,039 - INFO - ✓ Date selected successfully: 19-11-2025
2025-11-16 14:04:02,039 - INFO - Getting available classes for selected date...
2025-11-16 14:04:02,042 - INFO - ✓ Class dropdown found
2025-11-16 14:04:02,044 - INFO - Waiting for classes to load...
2025-11-16 14:04:02,047 - INFO - ✓ Loading complete
2025-11-16 14:04:05,056 - INFO - ✓ Found 14 classes for this date
2025-11-16 14:04:05,056 - INFO -   - Class 1: Sesión grupal 6:00 am - 06:00 a 07:00 - Presencial
2025-11-16 14:04:05,057 - INFO -   - Class 2: Sesión grupal 7:00 am - 07:00 a 08:00 - Presencial
2025-11-16 14:04:05,057 - INFO -   - Class 3: Sesión grupal 8:00 am - 08:00 a 09:00 - Presencial
2025-11-16 14:04:05,057 - INFO -   ... and 11 more
2025-11-16 14:04:05,057 - INFO - 
Processing class 1/14: Sesión grupal 6:00 am - 06:00 a 07:00 - Presencial
2025-11-16 14:04:05,057 - INFO - Selecting class: Sesión grupal 6:00 am - 06:00 a 07:00 - Presencial
2025-11-16 14:04:05,065 - ERROR - Error selecting class: evaluate() takes from 2 to 3 positional arguments but 4 were given
2025-11-16 14:04:07,067 - INFO - Fetching data from API: https://boxmagic.cl/checkin/get_alumnos_clase/104996-237093?fecha_where=19-11-2025&method=alumnos
2025-11-16 14:04:09,841 - INFO - ✓ Retrieved 2 reservations from API for class: Sesión grupal 6:00 am - 06:00 a 07:00 - Presencial
2025-11-16 14:04:09,841 - INFO - ✓ Completed: 2 reservations
2025-11-16 14:04:10,846 - INFO - 
Processing class 2/14: Sesión grupal 7:00 am - 07:00 a 08:00 - Presencial
2025-11-16 14:04:10,846 - INFO - Selecting class: Sesión grupal 7:00 am - 07:00 a 08:00 - Presencial
2025-11-16 14:04:10,862 - ERROR - Error selecting class: evaluate() takes from 2 to 3 positional arguments but 4 were given
2025-11-16 14:04:12,866 - INFO - Fetching data from API: https://boxmagic.cl/checkin/get_alumnos_clase/105109-237408?fecha_where=19-11-2025&method=alumnos
2025-11-16 14:04:15,315 - INFO - ✓ Retrieved 0 reservations from API for class: Sesión grupal 7:00 am - 07:00 a 08:00 - Presencial
2025-11-16 14:04:15,315 - INFO - ✓ Completed: 0 reservations
2025-11-16 14:04:16,319 - INFO - 
Processing class 3/14: Sesión grupal 8:00 am - 08:00 a 09:00 - Presencial
2025-11-16 14:04:16,319 - INFO - Selecting class: Sesión grupal 8:00 am - 08:00 a 09:00 - Presencial
2025-11-16 14:04:16,328 - ERROR - Error selecting class: evaluate() takes from 2 to 3 positional arguments but 4 were given
2025-11-16 14:04:18,331 - INFO - Fetching data from API: https://boxmagic.cl/checkin/get_alumnos_clase/105110-237412?fecha_where=19-11-2025&method=alumnos
2025-11-16 14:04:20,896 - INFO - ✓ Retrieved 0 reservations from API for class: Sesión grupal 8:00 am - 08:00 a 09:00 - Presencial
2025-11-16 14:04:20,896 - INFO - ✓ Completed: 0 reservations
2025-11-16 14:04:21,899 - INFO - 
Processing class 4/14: Sesión grupal 9:00 am - 09:00 a 10:00 - Presencial
2025-11-16 14:04:21,900 - INFO - Selecting class: Sesión grupal 9:00 am - 09:00 a 10:00 - Presencial
2025-11-16 14:04:21,910 - ERROR - Error selecting class: evaluate() takes from 2 to 3 positional arguments but 4 were given
2025-11-16 14:04:23,914 - INFO - Fetching data from API: https://boxmagic.cl/checkin/get_alumnos_clase/105111-237416?fecha_where=19-11-2025&method=alumnos
2025-11-16 14:04:26,615 - INFO - ✓ Retrieved 0 reservations from API for class: Sesión grupal 9:00 am - 09:00 a 10:00 - Presencial
2025-11-16 14:04:26,615 - INFO - ✓ Completed: 0 reservations
2025-11-16 14:04:27,619 - INFO - 
Processing class 5/14: Privadas Hector - 10:00 a 11:00 - Presencial
2025-11-16 14:04:27,619 - INFO - Selecting class: Privadas Hector - 10:00 a 11:00 - Presencial
2025-11-16 14:04:27,635 - ERROR - Error selecting class: evaluate() takes from 2 to 3 positional arguments but 4 were given
2025-11-16 14:04:29,639 - INFO - Fetching data from API: https://boxmagic.cl/checkin/get_alumnos_clase/118024-260999?fecha_where=19-11-2025&method=alumnos
2025-11-16 14:04:32,209 - INFO - ✓ Retrieved 0 reservations from API for class: Privadas Hector - 10:00 a 11:00 - Presencial
2025-11-16 14:04:32,210 - INFO - ✓ Completed: 0 reservations
2025-11-16 14:04:33,212 - INFO - 
Processing class 6/14: Sesión semiprivada 10:15 am - 10:15 a 11:15 - Presencial
2025-11-16 14:04:33,213 - INFO - Selecting class: Sesión semiprivada 10:15 am - 10:15 a 11:15 - Presencial
2025-11-16 14:04:33,219 - ERROR - Error selecting class: evaluate() takes from 2 to 3 positional arguments but 4 were given
2025-11-16 14:04:35,222 - INFO - Fetching data from API: https://boxmagic.cl/checkin/get_alumnos_clase/105112-237419?fecha_where=19-11-2025&method=alumnos
2025-11-16 14:04:37,730 - INFO - ✓ Retrieved 0 reservations from API for class: Sesión semiprivada 10:15 am - 10:15 a 11:15 - Presencial
2025-11-16 14:04:37,731 - INFO - ✓ Completed: 0 reservations
2025-11-16 14:04:38,734 - INFO - 
Processing class 7/14: Privadas Hector - 11:00 a 00:00 - Presencial
2025-11-16 14:04:38,734 - INFO - Selecting class: Privadas Hector - 11:00 a 00:00 - Presencial
2025-11-16 14:04:38,745 - ERROR - Error selecting class: evaluate() takes from 2 to 3 positional arguments but 4 were given
2025-11-16 14:04:40,748 - INFO - Fetching data from API: https://boxmagic.cl/checkin/get_alumnos_clase/118025-261003?fecha_where=19-11-2025&method=alumnos
2025-11-16 14:04:43,224 - INFO - ✓ Retrieved 0 reservations from API for class: Privadas Hector - 11:00 a 00:00 - Presencial
2025-11-16 14:04:43,224 - INFO - ✓ Completed: 0 reservations
2025-11-16 14:04:44,227 - INFO - 
Processing class 8/14: Privadas Hector - 12:00 a 13:00 - Presencial
2025-11-16 14:04:44,228 - INFO - Selecting class: Privadas Hector - 12:00 a 13:00 - Presencial
2025-11-16 14:04:44,242 - ERROR - Error selecting class: evaluate() takes from 2 to 3 positional arguments but 4 were given
2025-11-16 14:04:46,246 - INFO - Fetching data from API: https://boxmagic.cl/checkin/get_alumnos_clase/118026-261007?fecha_where=19-11-2025&method=alumnos
2025-11-16 14:04:48,685 - INFO - ✓ Retrieved 0 reservations from API for class: Privadas Hector - 12:00 a 13:00 - Presencial
2025-11-16 14:04:48,686 - INFO - ✓ Completed: 0 reservations
2025-11-16 14:04:49,689 - INFO - 
Processing class 9/14: Sesión privada 3:00 pm - 15:00 a 16:00 - Presencial
2025-11-16 14:04:49,690 - INFO - Selecting class: Sesión privada 3:00 pm - 15:00 a 16:00 - Presencial
2025-11-16 14:04:49,705 - ERROR - Error selecting class: evaluate() takes from 2 to 3 positional arguments but 4 were given
2025-11-16 14:04:51,709 - INFO - Fetching data from API: https://boxmagic.cl/checkin/get_alumnos_clase/107304-241500?fecha_where=19-11-2025&method=alumnos
2025-11-16 14:04:54,256 - INFO - ✓ Retrieved 0 reservations from API for class: Sesión privada 3:00 pm - 15:00 a 16:00 - Presencial
2025-11-16 14:04:54,257 - INFO - ✓ Completed: 0 reservations
2025-11-16 14:04:55,262 - INFO - 
Processing class 10/14: Sesión semiprivada 4:00 pm - 16:00 a 17:00 - Presencial
2025-11-16 14:04:55,262 - INFO - Selecting class: Sesión semiprivada 4:00 pm - 16:00 a 17:00 - Presencial
2025-11-16 14:04:55,274 - ERROR - Error selecting class: evaluate() takes from 2 to 3 positional arguments but 4 were given
2025-11-16 14:04:57,277 - INFO - Fetching data from API: https://boxmagic.cl/checkin/get_alumnos_clase/107295-241481?fecha_where=19-11-2025&method=alumnos
2025-11-16 14:04:59,708 - INFO - ✓ Retrieved 0 reservations from API for class: Sesión semiprivada 4:00 pm - 16:00 a 17:00 - Presencial
2025-11-16 14:04:59,709 - INFO - ✓ Completed: 0 reservations
2025-11-16 14:05:00,713 - INFO - 
Processing class 11/14: Sesión grupal 5:00 pm - 17:00 a 18:00 - Presencial
2025-11-16 14:05:00,713 - INFO - Selecting class: Sesión grupal 5:00 pm - 17:00 a 18:00 - Presencial
2025-11-16 14:05:00,725 - ERROR - Error selecting class: evaluate() takes from 2 to 3 positional arguments but 4 were given
2025-11-16 14:05:02,728 - INFO - Fetching data from API: https://boxmagic.cl/checkin/get_alumnos_clase/107297-241486?fecha_where=19-11-2025&method=alumnos
2025-11-16 14:05:05,343 - INFO - ✓ Retrieved 0 reservations from API for class: Sesión grupal 5:00 pm - 17:00 a 18:00 - Presencial
2025-11-16 14:05:05,343 - INFO - ✓ Completed: 0 reservations
2025-11-16 14:05:06,345 - INFO - 
Processing class 12/14: Sesión grupal 6:00 pm - 18:00 a 19:00 - Presencial
2025-11-16 14:05:06,345 - INFO - Selecting class: Sesión grupal 6:00 pm - 18:00 a 19:00 - Presencial
2025-11-16 14:05:06,353 - ERROR - Error selecting class: evaluate() takes from 2 to 3 positional arguments but 4 were given
2025-11-16 14:05:08,356 - INFO - Fetching data from API: https://boxmagic.cl/checkin/get_alumnos_clase/107301-241492?fecha_where=19-11-2025&method=alumnos
2025-11-16 14:05:10,871 - INFO - ✓ Retrieved 0 reservations from API for class: Sesión grupal 6:00 pm - 18:00 a 19:00 - Presencial
2025-11-16 14:05:10,872 - INFO - ✓ Completed: 0 reservations
2025-11-16 14:05:11,876 - INFO - 
Processing class 13/14: Sesión grupal 7:00 pm - 19:00 a 20:00 - Presencial
2025-11-16 14:05:11,877 - INFO - Selecting class: Sesión grupal 7:00 pm - 19:00 a 20:00 - Presencial
2025-11-16 14:05:11,887 - ERROR - Error selecting class: evaluate() takes from 2 to 3 positional arguments but 4 were given
2025-11-16 14:05:13,892 - INFO - Fetching data from API: https://boxmagic.cl/checkin/get_alumnos_clase/107302-241495?fecha_where=19-11-2025&method=alumnos
2025-11-16 14:05:16,442 - INFO - ✓ Retrieved 3 reservations from API for class: Sesión grupal 7:00 pm - 19:00 a 20:00 - Presencial
2025-11-16 14:05:16,443 - INFO - ✓ Completed: 3 reservations
2025-11-16 14:05:17,447 - INFO - 
Processing class 14/14: Sesión grupal 8:00 pm - 20:00 a 21:00 - Presencial
2025-11-16 14:05:17,448 - INFO - Selecting class: Sesión grupal 8:00 pm - 20:00 a 21:00 - Presencial
2025-11-16 14:05:17,460 - ERROR - Error selecting class: evaluate() takes from 2 to 3 positional arguments but 4 were given
2025-11-16 14:05:19,464 - INFO - Fetching data from API: https://boxmagic.cl/checkin/get_alumnos_clase/107303-241498?fecha_where=19-11-2025&method=alumnos
2025-11-16 14:05:22,030 - INFO - ✓ Retrieved 0 reservations from API for class: Sesión grupal 8:00 pm - 20:00 a 21:00 - Presencial
2025-11-16 14:05:22,030 - INFO - ✓ Completed: 0 reservations
2025-11-16 14:05:23,034 - INFO - 
✓ Completed scraping for date 19-11-2025: 14 classes
2025-11-16 14:05:23,036 - INFO - ✓ Date 19-11-2025: 14 classes, 5 total reservations
2025-11-16 14:05:24,041 - INFO - 
################################################################################
2025-11-16 14:05:24,041 - INFO - Processing date: 20-11-2025 (Day 4/6)
2025-11-16 14:05:24,041 - INFO - ################################################################################

2025-11-16 14:05:24,042 - INFO - 
============================================================
2025-11-16 14:05:24,042 - INFO - Scraping check-in for date: 20-11-2025
2025-11-16 14:05:24,042 - INFO - ============================================================

2025-11-16 14:05:24,042 - INFO - Attempting to select date: 20-11-2025
2025-11-16 14:05:24,042 - INFO - Selecting date: 20-11-2025
2025-11-16 14:05:24,053 - INFO - Found date input with selector: #class_date
2025-11-16 14:05:24,069 - INFO - Waiting for classes dropdown to populate...
2025-11-16 14:05:27,185 - INFO - ✓ Date selected: 20-11-2025
2025-11-16 14:05:27,185 - INFO - ✓ Date selected successfully: 20-11-2025
2025-11-16 14:05:27,185 - INFO - Getting available classes for selected date...
2025-11-16 14:05:27,189 - INFO - ✓ Class dropdown found
2025-11-16 14:05:27,193 - INFO - Waiting for classes to load...
2025-11-16 14:05:27,197 - INFO - ✓ Loading complete
2025-11-16 14:05:30,213 - INFO - ✓ Found 4 classes for this date
2025-11-16 14:05:30,213 - INFO -   - Class 1: Sesión privada 6:00 am - 06:00 a 07:00 - Presencial
2025-11-16 14:05:30,213 - INFO -   - Class 2: Sesión semiprivada 7:00 am - 07:00 a 08:00 - Presencial
2025-11-16 14:05:30,214 - INFO -   - Class 3: Sesión grupal 8:00 am - 08:00 a 09:00 - Presencial
2025-11-16 14:05:30,214 - INFO -   ... and 1 more
2025-11-16 14:05:30,214 - INFO - 
Processing class 1/4: Sesión privada 6:00 am - 06:00 a 07:00 - Presencial
2025-11-16 14:05:30,214 - INFO - Selecting class: Sesión privada 6:00 am - 06:00 a 07:00 - Presencial
2025-11-16 14:05:30,222 - ERROR - Error selecting class: evaluate() takes from 2 to 3 positional arguments but 4 were given
2025-11-16 14:05:32,225 - INFO - Fetching data from API: https://boxmagic.cl/checkin/get_alumnos_clase/105113-237422?fecha_where=20-11-2025&method=alumnos
2025-11-16 14:05:34,889 - INFO - ✓ Retrieved 0 reservations from API for class: Sesión privada 6:00 am - 06:00 a 07:00 - Presencial
2025-11-16 14:05:34,890 - INFO - ✓ Completed: 0 reservations
2025-11-16 14:05:35,895 - INFO - 
Processing class 2/4: Sesión semiprivada 7:00 am - 07:00 a 08:00 - Presencial
2025-11-16 14:05:35,895 - INFO - Selecting class: Sesión semiprivada 7:00 am - 07:00 a 08:00 - Presencial
2025-11-16 14:05:35,907 - ERROR - Error selecting class: evaluate() takes from 2 to 3 positional arguments but 4 were given
2025-11-16 14:05:37,910 - INFO - Fetching data from API: https://boxmagic.cl/checkin/get_alumnos_clase/107296-241484?fecha_where=20-11-2025&method=alumnos
2025-11-16 14:05:40,400 - INFO - ✓ Retrieved 1 reservations from API for class: Sesión semiprivada 7:00 am - 07:00 a 08:00 - Presencial
2025-11-16 14:05:40,400 - INFO - ✓ Completed: 1 reservations
2025-11-16 14:05:41,403 - INFO - 
Processing class 3/4: Sesión grupal 8:00 am - 08:00 a 09:00 - Presencial
2025-11-16 14:05:41,404 - INFO - Selecting class: Sesión grupal 8:00 am - 08:00 a 09:00 - Presencial
2025-11-16 14:05:41,425 - ERROR - Error selecting class: evaluate() takes from 2 to 3 positional arguments but 4 were given
2025-11-16 14:05:43,428 - INFO - Fetching data from API: https://boxmagic.cl/checkin/get_alumnos_clase/105110-237413?fecha_where=20-11-2025&method=alumnos
2025-11-16 14:05:45,885 - INFO - ✓ Retrieved 0 reservations from API for class: Sesión grupal 8:00 am - 08:00 a 09:00 - Presencial
2025-11-16 14:05:45,885 - INFO - ✓ Completed: 0 reservations
2025-11-16 14:05:46,889 - INFO - 
Processing class 4/4: Sesión grupal 5:30 pm - 17:30 a 18:30 - Presencial
2025-11-16 14:05:46,889 - INFO - Selecting class: Sesión grupal 5:30 pm - 17:30 a 18:30 - Presencial
2025-11-16 14:05:46,899 - ERROR - Error selecting class: evaluate() takes from 2 to 3 positional arguments but 4 were given
2025-11-16 14:05:48,901 - INFO - Fetching data from API: https://boxmagic.cl/checkin/get_alumnos_clase/107306-241503?fecha_where=20-11-2025&method=alumnos
2025-11-16 14:05:51,380 - INFO - ✓ Retrieved 0 reservations from API for class: Sesión grupal 5:30 pm - 17:30 a 18:30 - Presencial
2025-11-16 14:05:51,380 - INFO - ✓ Completed: 0 reservations
2025-11-16 14:05:52,382 - INFO - 
✓ Completed scraping for date 20-11-2025: 4 classes
2025-11-16 14:05:52,383 - INFO - ✓ Date 20-11-2025: 4 classes, 1 total reservations
2025-11-16 14:05:53,387 - INFO - 
################################################################################
2025-11-16 14:05:53,387 - INFO - Processing date: 21-11-2025 (Day 5/6)
2025-11-16 14:05:53,387 - INFO - ################################################################################

2025-11-16 14:05:53,388 - INFO - 
============================================================
2025-11-16 14:05:53,388 - INFO - Scraping check-in for date: 21-11-2025
2025-11-16 14:05:53,388 - INFO - ============================================================

2025-11-16 14:05:53,388 - INFO - Attempting to select date: 21-11-2025
2025-11-16 14:05:53,388 - INFO - Selecting date: 21-11-2025
2025-11-16 14:05:53,404 - INFO - Found date input with selector: #class_date
2025-11-16 14:05:53,420 - INFO - Waiting for classes dropdown to populate...
2025-11-16 14:05:56,547 - INFO - ✓ Date selected: 21-11-2025
2025-11-16 14:05:56,547 - INFO - ✓ Date selected successfully: 21-11-2025
2025-11-16 14:05:56,547 - INFO - Getting available classes for selected date...
2025-11-16 14:05:56,551 - INFO - ✓ Class dropdown found
2025-11-16 14:05:56,553 - INFO - Waiting for classes to load...
2025-11-16 14:05:56,555 - INFO - ✓ Loading complete
2025-11-16 14:05:59,566 - INFO - ✓ Found 13 classes for this date
2025-11-16 14:05:59,566 - INFO -   - Class 1: Sesión grupal 6:00 am - 06:00 a 07:00 - Presencial
2025-11-16 14:05:59,566 - INFO -   - Class 2: Sesión grupal 7:00 am - 07:00 a 08:00 - Presencial
2025-11-16 14:05:59,566 - INFO -   - Class 3: Sesión grupal 8:00 am - 08:00 a 09:00 - Presencial
2025-11-16 14:05:59,566 - INFO -   ... and 10 more
2025-11-16 14:05:59,566 - INFO - 
Processing class 1/13: Sesión grupal 6:00 am - 06:00 a 07:00 - Presencial
2025-11-16 14:05:59,566 - INFO - Selecting class: Sesión grupal 6:00 am - 06:00 a 07:00 - Presencial
2025-11-16 14:05:59,574 - ERROR - Error selecting class: evaluate() takes from 2 to 3 positional arguments but 4 were given
2025-11-16 14:06:01,578 - INFO - Fetching data from API: https://boxmagic.cl/checkin/get_alumnos_clase/104996-237094?fecha_where=21-11-2025&method=alumnos
2025-11-16 14:06:04,811 - INFO - ✓ Retrieved 1 reservations from API for class: Sesión grupal 6:00 am - 06:00 a 07:00 - Presencial
2025-11-16 14:06:04,811 - INFO - ✓ Completed: 1 reservations
2025-11-16 14:06:05,815 - INFO - 
Processing class 2/13: Sesión grupal 7:00 am - 07:00 a 08:00 - Presencial
2025-11-16 14:06:05,816 - INFO - Selecting class: Sesión grupal 7:00 am - 07:00 a 08:00 - Presencial
2025-11-16 14:06:05,832 - ERROR - Error selecting class: evaluate() takes from 2 to 3 positional arguments but 4 were given
2025-11-16 14:06:07,835 - INFO - Fetching data from API: https://boxmagic.cl/checkin/get_alumnos_clase/105109-237409?fecha_where=21-11-2025&method=alumnos
2025-11-16 14:06:10,411 - INFO - ✓ Retrieved 0 reservations from API for class: Sesión grupal 7:00 am - 07:00 a 08:00 - Presencial
2025-11-16 14:06:10,411 - INFO - ✓ Completed: 0 reservations
2025-11-16 14:06:11,415 - INFO - 
Processing class 3/13: Sesión grupal 8:00 am - 08:00 a 09:00 - Presencial
2025-11-16 14:06:11,416 - INFO - Selecting class: Sesión grupal 8:00 am - 08:00 a 09:00 - Presencial
2025-11-16 14:06:11,428 - ERROR - Error selecting class: evaluate() takes from 2 to 3 positional arguments but 4 were given
2025-11-16 14:06:13,431 - INFO - Fetching data from API: https://boxmagic.cl/checkin/get_alumnos_clase/105110-237414?fecha_where=21-11-2025&method=alumnos
2025-11-16 14:06:16,001 - INFO - ✓ Retrieved 0 reservations from API for class: Sesión grupal 8:00 am - 08:00 a 09:00 - Presencial
2025-11-16 14:06:16,001 - INFO - ✓ Completed: 0 reservations
2025-11-16 14:06:17,004 - INFO - 
Processing class 4/13: Sesión grupal 9:00 am - 09:00 a 10:00 - Presencial
2025-11-16 14:06:17,005 - INFO - Selecting class: Sesión grupal 9:00 am - 09:00 a 10:00 - Presencial
2025-11-16 14:06:17,026 - ERROR - Error selecting class: evaluate() takes from 2 to 3 positional arguments but 4 were given
2025-11-16 14:06:19,029 - INFO - Fetching data from API: https://boxmagic.cl/checkin/get_alumnos_clase/105111-237417?fecha_where=21-11-2025&method=alumnos
2025-11-16 14:06:21,601 - INFO - ✓ Retrieved 0 reservations from API for class: Sesión grupal 9:00 am - 09:00 a 10:00 - Presencial
2025-11-16 14:06:21,601 - INFO - ✓ Completed: 0 reservations
2025-11-16 14:06:22,604 - INFO - 
Processing class 5/13: Privadas Hector - 10:00 a 11:00 - Presencial
2025-11-16 14:06:22,604 - INFO - Selecting class: Privadas Hector - 10:00 a 11:00 - Presencial
2025-11-16 14:06:22,616 - ERROR - Error selecting class: evaluate() takes from 2 to 3 positional arguments but 4 were given
2025-11-16 14:06:24,619 - INFO - Fetching data from API: https://boxmagic.cl/checkin/get_alumnos_clase/118024-261000?fecha_where=21-11-2025&method=alumnos
2025-11-16 14:06:27,030 - INFO - ✓ Retrieved 0 reservations from API for class: Privadas Hector - 10:00 a 11:00 - Presencial
2025-11-16 14:06:27,031 - INFO - ✓ Completed: 0 reservations
2025-11-16 14:06:28,033 - INFO - 
Processing class 6/13: Sesión semiprivada 10:15 am - 10:15 a 11:15 - Presencial
2025-11-16 14:06:28,033 - INFO - Selecting class: Sesión semiprivada 10:15 am - 10:15 a 11:15 - Presencial
2025-11-16 14:06:28,045 - ERROR - Error selecting class: evaluate() takes from 2 to 3 positional arguments but 4 were given
2025-11-16 14:06:30,049 - INFO - Fetching data from API: https://boxmagic.cl/checkin/get_alumnos_clase/105112-237420?fecha_where=21-11-2025&method=alumnos
2025-11-16 14:06:32,545 - INFO - ✓ Retrieved 0 reservations from API for class: Sesión semiprivada 10:15 am - 10:15 a 11:15 - Presencial
2025-11-16 14:06:32,546 - INFO - ✓ Completed: 0 reservations
2025-11-16 14:06:33,549 - INFO - 
Processing class 7/13: Privadas Hector - 11:00 a 00:00 - Presencial
2025-11-16 14:06:33,550 - INFO - Selecting class: Privadas Hector - 11:00 a 00:00 - Presencial
2025-11-16 14:06:33,560 - ERROR - Error selecting class: evaluate() takes from 2 to 3 positional arguments but 4 were given
2025-11-16 14:06:35,563 - INFO - Fetching data from API: https://boxmagic.cl/checkin/get_alumnos_clase/118025-261004?fecha_where=21-11-2025&method=alumnos
2025-11-16 14:06:38,054 - INFO - ✓ Retrieved 0 reservations from API for class: Privadas Hector - 11:00 a 00:00 - Presencial
2025-11-16 14:06:38,054 - INFO - ✓ Completed: 0 reservations
2025-11-16 14:06:39,058 - INFO - 
Processing class 8/13: Privadas Hector - 12:00 a 13:00 - Presencial
2025-11-16 14:06:39,059 - INFO - Selecting class: Privadas Hector - 12:00 a 13:00 - Presencial
2025-11-16 14:06:39,067 - ERROR - Error selecting class: evaluate() takes from 2 to 3 positional arguments but 4 were given
2025-11-16 14:06:41,070 - INFO - Fetching data from API: https://boxmagic.cl/checkin/get_alumnos_clase/118026-261008?fecha_where=21-11-2025&method=alumnos
2025-11-16 14:06:43,545 - INFO - ✓ Retrieved 0 reservations from API for class: Privadas Hector - 12:00 a 13:00 - Presencial
2025-11-16 14:06:43,545 - INFO - ✓ Completed: 0 reservations
2025-11-16 14:06:44,550 - INFO - 
Processing class 9/13: Sesión privada 3:00 pm - 15:00 a 16:00 - Presencial
2025-11-16 14:06:44,550 - INFO - Selecting class: Sesión privada 3:00 pm - 15:00 a 16:00 - Presencial
2025-11-16 14:06:44,560 - ERROR - Error selecting class: evaluate() takes from 2 to 3 positional arguments but 4 were given
2025-11-16 14:06:46,564 - INFO - Fetching data from API: https://boxmagic.cl/checkin/get_alumnos_clase/107304-241501?fecha_where=21-11-2025&method=alumnos
2025-11-16 14:06:49,041 - INFO - ✓ Retrieved 0 reservations from API for class: Sesión privada 3:00 pm - 15:00 a 16:00 - Presencial
2025-11-16 14:06:49,041 - INFO - ✓ Completed: 0 reservations
2025-11-16 14:06:50,045 - INFO - 
Processing class 10/13: Sesión semiprivada 4:00 pm - 16:00 a 17:00 - Presencial
2025-11-16 14:06:50,046 - INFO - Selecting class: Sesión semiprivada 4:00 pm - 16:00 a 17:00 - Presencial
2025-11-16 14:06:50,057 - ERROR - Error selecting class: evaluate() takes from 2 to 3 positional arguments but 4 were given
2025-11-16 14:06:52,061 - INFO - Fetching data from API: https://boxmagic.cl/checkin/get_alumnos_clase/107295-241482?fecha_where=21-11-2025&method=alumnos
2025-11-16 14:06:54,701 - INFO - ✓ Retrieved 0 reservations from API for class: Sesión semiprivada 4:00 pm - 16:00 a 17:00 - Presencial
2025-11-16 14:06:54,701 - INFO - ✓ Completed: 0 reservations
2025-11-16 14:06:55,704 - INFO - 
Processing class 11/13: Sesión grupal 5:00 pm - 17:00 a 18:00 - Presencial
2025-11-16 14:06:55,705 - INFO - Selecting class: Sesión grupal 5:00 pm - 17:00 a 18:00 - Presencial
2025-11-16 14:06:55,716 - ERROR - Error selecting class: evaluate() takes from 2 to 3 positional arguments but 4 were given
2025-11-16 14:06:57,718 - INFO - Fetching data from API: https://boxmagic.cl/checkin/get_alumnos_clase/107297-241487?fecha_where=21-11-2025&method=alumnos
2025-11-16 14:07:00,340 - INFO - ✓ Retrieved 0 reservations from API for class: Sesión grupal 5:00 pm - 17:00 a 18:00 - Presencial
2025-11-16 14:07:00,340 - INFO - ✓ Completed: 0 reservations
2025-11-16 14:07:01,344 - INFO - 
Processing class 12/13: Sesión grupal 6:00 pm - 18:00 a 19:00 - Presencial
2025-11-16 14:07:01,344 - INFO - Selecting class: Sesión grupal 6:00 pm - 18:00 a 19:00 - Presencial
2025-11-16 14:07:01,351 - ERROR - Error selecting class: evaluate() takes from 2 to 3 positional arguments but 4 were given
2025-11-16 14:07:03,354 - INFO - Fetching data from API: https://boxmagic.cl/checkin/get_alumnos_clase/107301-241493?fecha_where=21-11-2025&method=alumnos
2025-11-16 14:07:05,971 - INFO - ✓ Retrieved 0 reservations from API for class: Sesión grupal 6:00 pm - 18:00 a 19:00 - Presencial
2025-11-16 14:07:05,971 - INFO - ✓ Completed: 0 reservations
2025-11-16 14:07:06,975 - INFO - 
Processing class 13/13: Sesión grupal 7:00 pm - 19:00 a 20:00 - Presencial
2025-11-16 14:07:06,976 - INFO - Selecting class: Sesión grupal 7:00 pm - 19:00 a 20:00 - Presencial
2025-11-16 14:07:06,989 - ERROR - Error selecting class: evaluate() takes from 2 to 3 positional arguments but 4 were given
2025-11-16 14:07:08,994 - INFO - Fetching data from API: https://boxmagic.cl/checkin/get_alumnos_clase/107302-241496?fecha_where=21-11-2025&method=alumnos
2025-11-16 14:07:11,531 - INFO - ✓ Retrieved 3 reservations from API for class: Sesión grupal 7:00 pm - 19:00 a 20:00 - Presencial
2025-11-16 14:07:11,531 - INFO - ✓ Completed: 3 reservations
2025-11-16 14:07:12,535 - INFO - 
✓ Completed scraping for date 21-11-2025: 13 classes
2025-11-16 14:07:12,536 - INFO - ✓ Date 21-11-2025: 13 classes, 4 total reservations
2025-11-16 14:07:13,539 - INFO - 
################################################################################
2025-11-16 14:07:13,539 - INFO - Processing date: 22-11-2025 (Day 6/6)
2025-11-16 14:07:13,540 - INFO - ################################################################################

2025-11-16 14:07:13,540 - INFO - 
============================================================
2025-11-16 14:07:13,540 - INFO - Scraping check-in for date: 22-11-2025
2025-11-16 14:07:13,540 - INFO - ============================================================

2025-11-16 14:07:13,540 - INFO - Attempting to select date: 22-11-2025
2025-11-16 14:07:13,540 - INFO - Selecting date: 22-11-2025
2025-11-16 14:07:13,555 - INFO - Found date input with selector: #class_date
2025-11-16 14:07:13,573 - INFO - Waiting for classes dropdown to populate...
2025-11-16 14:07:16,688 - INFO - ✓ Date selected: 22-11-2025
2025-11-16 14:07:16,688 - INFO - ✓ Date selected successfully: 22-11-2025
2025-11-16 14:07:16,688 - INFO - Getting available classes for selected date...
2025-11-16 14:07:16,691 - INFO - ✓ Class dropdown found
2025-11-16 14:07:16,693 - INFO - Waiting for classes to load...
2025-11-16 14:07:16,695 - INFO - ✓ Loading complete
2025-11-16 14:07:19,708 - INFO - ✓ Found 4 classes for this date
2025-11-16 14:07:19,708 - INFO -   - Class 1: Sesión semiprivada 8:00 am - 08:00 a 09:00 - Presencial
2025-11-16 14:07:19,708 - INFO -   - Class 2: Sesión grupal 9:00 am - 09:00 a 10:00 - Presencial
2025-11-16 14:07:19,708 - INFO -   - Class 3: Sesión privada 10:15 am - 10:15 a 11:15 - Presencial
2025-11-16 14:07:19,708 - INFO -   ... and 1 more
2025-11-16 14:07:19,709 - INFO - 
Processing class 1/4: Sesión semiprivada 8:00 am - 08:00 a 09:00 - Presencial
2025-11-16 14:07:19,709 - INFO - Selecting class: Sesión semiprivada 8:00 am - 08:00 a 09:00 - Presencial
2025-11-16 14:07:19,719 - ERROR - Error selecting class: evaluate() takes from 2 to 3 positional arguments but 4 were given
2025-11-16 14:07:21,722 - INFO - Fetching data from API: https://boxmagic.cl/checkin/get_alumnos_clase/107300-241490?fecha_where=22-11-2025&method=alumnos
2025-11-16 14:07:24,381 - INFO - ✓ Retrieved 1 reservations from API for class: Sesión semiprivada 8:00 am - 08:00 a 09:00 - Presencial
2025-11-16 14:07:24,385 - INFO - ✓ Completed: 1 reservations
2025-11-16 14:07:25,389 - INFO - 
Processing class 2/4: Sesión grupal 9:00 am - 09:00 a 10:00 - Presencial
2025-11-16 14:07:25,389 - INFO - Selecting class: Sesión grupal 9:00 am - 09:00 a 10:00 - Presencial
2025-11-16 14:07:25,399 - ERROR - Error selecting class: evaluate() takes from 2 to 3 positional arguments but 4 were given
2025-11-16 14:07:27,402 - INFO - Fetching data from API: https://boxmagic.cl/checkin/get_alumnos_clase/107298-241488?fecha_where=22-11-2025&method=alumnos
2025-11-16 14:07:29,837 - INFO - ✓ Retrieved 0 reservations from API for class: Sesión grupal 9:00 am - 09:00 a 10:00 - Presencial
2025-11-16 14:07:29,838 - INFO - ✓ Completed: 0 reservations
2025-11-16 14:07:30,842 - INFO - 
Processing class 3/4: Sesión privada 10:15 am - 10:15 a 11:15 - Presencial
2025-11-16 14:07:30,842 - INFO - Selecting class: Sesión privada 10:15 am - 10:15 a 11:15 - Presencial
2025-11-16 14:07:30,854 - ERROR - Error selecting class: evaluate() takes from 2 to 3 positional arguments but 4 were given
2025-11-16 14:07:32,857 - INFO - Fetching data from API: https://boxmagic.cl/checkin/get_alumnos_clase/107299-241489?fecha_where=22-11-2025&method=alumnos
2025-11-16 14:07:35,398 - INFO - ✓ Retrieved 0 reservations from API for class: Sesión privada 10:15 am - 10:15 a 11:15 - Presencial
2025-11-16 14:07:35,398 - INFO - ✓ Completed: 0 reservations
2025-11-16 14:07:36,402 - INFO - 
Processing class 4/4: Privadas Hector - 10:15 a 11:15 - Presencial
2025-11-16 14:07:36,403 - INFO - Selecting class: Privadas Hector - 10:15 a 11:15 - Presencial
2025-11-16 14:07:36,413 - ERROR - Error selecting class: evaluate() takes from 2 to 3 positional arguments but 4 were given
2025-11-16 14:07:38,417 - INFO - Fetching data from API: https://boxmagic.cl/checkin/get_alumnos_clase/118024-261001?fecha_where=22-11-2025&method=alumnos
2025-11-16 14:07:40,907 - INFO - ✓ Retrieved 0 reservations from API for class: Privadas Hector - 10:15 a 11:15 - Presencial
2025-11-16 14:07:40,908 - INFO - ✓ Completed: 0 reservations
2025-11-16 14:07:41,912 - INFO - 
✓ Completed scraping for date 22-11-2025: 4 classes
2025-11-16 14:07:41,912 - INFO - ✓ Date 22-11-2025: 4 classes, 1 total reservations
2025-11-16 14:07:42,916 - INFO - 
================================================================================
2025-11-16 14:07:42,916 - INFO - CHECK-IN SCRAPING SUMMARY
2025-11-16 14:07:42,917 - INFO - ================================================================================
2025-11-16 14:07:42,917 - INFO - Total dates processed: 6
2025-11-16 14:07:42,917 - INFO - Total classes: 52
2025-11-16 14:07:42,917 - INFO - Total reservations: 13
2025-11-16 14:07:42,917 - INFO - ================================================================================

2025-11-16 14:07:42,921 - INFO - 
✓ Check-in data saved to: /Users/carloshernandez/Desktop/scraper/data/output/checkin_data_20251116_140742.json
2025-11-16 14:07:42,921 - INFO - 
================================================================================
2025-11-16 14:07:42,921 - INFO - CHECK-IN SCRAPING SUMMARY
2025-11-16 14:07:42,921 - INFO - ================================================================================
2025-11-16 14:07:42,921 - INFO -   Total dates processed:    6
2025-11-16 14:07:42,921 - INFO -   Total classes found:      52
2025-11-16 14:07:42,922 - INFO -   Total reservations:       13
2025-11-16 14:07:42,922 - INFO - ================================================================================

2025-11-16 14:07:42,922 - INFO - Breakdown by date:
2025-11-16 14:07:42,922 - INFO -   17-11-2025: 14 classes, 1 reservations
2025-11-16 14:07:42,922 - INFO -   18-11-2025: 3 classes, 1 reservations
2025-11-16 14:07:42,922 - INFO -   19-11-2025: 14 classes, 5 reservations
2025-11-16 14:07:42,922 - INFO -   20-11-2025: 4 classes, 1 reservations
2025-11-16 14:07:42,922 - INFO -   21-11-2025: 13 classes, 4 reservations
2025-11-16 14:07:42,922 - INFO -   22-11-2025: 4 classes, 1 reservations
2025-11-16 14:07:42,922 - INFO - 
2025-11-16 14:07:43,730 - INFO - Browser closed
2025-11-16 14:07:43,730 - INFO - ================================================================================
2025-11-16 14:07:43,730 - INFO - ✓ Scraping completed successfully!
2025-11-16 14:07:43,730 - INFO - ================================================================================
