2025-11-14 20:23:14,433 - INFO - Starting BoxMagic scraper...
2025-11-14 20:23:14,433 - INFO - Starting browser...
2025-11-14 20:23:19,619 - INFO - Browser started successfully
2025-11-14 20:23:19,619 - INFO - Navigating to login page: https://boxmagic.cl/login
2025-11-14 20:23:22,059 - INFO - Waiting for login form...
2025-11-14 20:23:22,200 - INFO - Username filled
2025-11-14 20:23:22,339 - INFO - Password filled
2025-11-14 20:23:22,733 - INFO - Login button clicked
2025-11-14 20:23:23,458 - INFO - Current URL after login: https://auth.boxmagic.cl/login/
2025-11-14 20:23:23,458 - ERROR - Login failed - still on login page
2025-11-14 20:23:23,458 - ERROR - Failed to login. Check credentials and screenshots.
2025-11-14 20:23:24,082 - INFO - Browser closed
2025-11-14 20:24:15,776 - INFO - Starting BoxMagic scraper...
2025-11-14 20:24:15,777 - INFO - Starting browser...
2025-11-14 20:24:17,543 - INFO - Browser started successfully
2025-11-14 20:24:17,543 - INFO - Navigating to login page: https://auth.boxmagic.cl/login/
2025-11-14 20:24:19,478 - INFO - Waiting for login form...
2025-11-14 20:24:19,614 - INFO - Username filled
2025-11-14 20:24:19,725 - INFO - Password filled
2025-11-14 20:24:19,945 - INFO - Login button clicked
2025-11-14 20:24:20,026 - INFO - Current URL after login: https://auth.boxmagic.cl/login/
2025-11-14 20:24:20,026 - ERROR - Login failed - still on login page
2025-11-14 20:24:20,026 - ERROR - Failed to login. Check credentials and screenshots.
2025-11-14 20:24:20,566 - INFO - Browser closed
2025-11-14 20:27:28,860 - INFO - Starting BoxMagic scraper...
2025-11-14 20:27:28,860 - INFO - Starting browser...
2025-11-14 20:27:30,907 - INFO - Browser started successfully
2025-11-14 20:27:30,907 - INFO - Navigating to login page: https://auth.boxmagic.cl/login/
2025-11-14 20:27:32,921 - INFO - Waiting for login form...
2025-11-14 20:27:33,058 - INFO - Username filled
2025-11-14 20:27:33,171 - INFO - Password filled
2025-11-14 20:27:33,389 - INFO - Login button clicked
2025-11-14 20:27:33,451 - INFO - Current URL after login: https://auth.boxmagic.cl/login/
2025-11-14 20:27:33,451 - ERROR - Login failed - still on login page
2025-11-14 20:27:33,451 - ERROR - Failed to login. Check credentials and screenshots.
2025-11-14 20:27:34,215 - INFO - Browser closed
2025-11-14 20:34:55,181 - INFO - Starting BoxMagic scraper...
2025-11-14 20:34:55,182 - ERROR - An error occurred: start_browser() got an unexpected keyword argument 'use_saved_session'
Traceback (most recent call last):
  File "/Users/carloshernandez/Desktop/scraper/main_playwright.py", line 30, in main
    scraper.start_browser(use_saved_session=True)
TypeError: start_browser() got an unexpected keyword argument 'use_saved_session'
2025-11-14 20:37:32,860 - INFO - Starting BoxMagic scraper...
2025-11-14 20:37:32,860 - ERROR - An error occurred: start_browser() got an unexpected keyword argument 'use_saved_session'
Traceback (most recent call last):
  File "/Users/carloshernandez/Desktop/scraper/main_playwright.py", line 30, in main
    scraper.start_browser(use_saved_session=True)
TypeError: start_browser() got an unexpected keyword argument 'use_saved_session'
2025-11-14 20:41:07,996 - INFO - Starting BoxMagic scraper...
2025-11-14 20:41:07,996 - ERROR - An error occurred: start_browser() got an unexpected keyword argument 'use_saved_session'
Traceback (most recent call last):
  File "/Users/carloshernandez/Desktop/scraper/main_playwright.py", line 30, in main
    scraper.start_browser(use_saved_session=True)
TypeError: start_browser() got an unexpected keyword argument 'use_saved_session'
2025-11-14 20:43:42,989 - INFO - Starting BoxMagic scraper...
2025-11-14 20:43:42,989 - INFO - Starting browser...
2025-11-14 20:43:44,226 - INFO - Using saved session...
2025-11-14 20:43:44,968 - INFO - Logged in using saved session
2025-11-14 20:43:44,968 - INFO - Browser started successfully
2025-11-14 20:43:44,968 - INFO - Scraping calendar data...
2025-11-14 20:43:44,968 - INFO - Navigating to calendar: https://boxmagic.cl/horarios/agenda_general
2025-11-14 20:43:49,924 - INFO - Waiting for calendar to load...
2025-11-14 20:43:53,591 - INFO - Found 58 events
2025-11-14 20:43:53,595 - INFO - Data saved to /Users/carloshernandez/Desktop/scraper/data/output/calendar_data_20251114_204353.json
2025-11-14 20:43:53,595 - INFO - Total events found: 58
2025-11-14 20:43:53,849 - INFO - Browser closed
2025-11-14 20:43:53,849 - INFO - Scraping completed successfully!
2025-11-14 21:14:55,609 - INFO - Starting BoxMagic scraper...
2025-11-14 21:14:55,609 - INFO - Starting browser...
2025-11-14 21:14:56,931 - INFO - Using saved session...
2025-11-14 21:14:57,728 - INFO - Logged in using saved session
2025-11-14 21:14:57,728 - INFO - Browser started successfully
2025-11-14 21:14:57,728 - INFO - Scraping calendar data...
2025-11-14 21:14:57,728 - ERROR - An error occurred: 'BoxMagicScraper' object has no attribute 'scrape_calendar'
Traceback (most recent call last):
  File "/Users/carloshernandez/Desktop/scraper/main_playwright.py", line 40, in main
    calendar_data = scraper.scrape_calendar()
AttributeError: 'BoxMagicScraper' object has no attribute 'scrape_calendar'
2025-11-14 21:16:09,611 - INFO - Starting BoxMagic scraper with modal details extraction...
2025-11-14 21:16:09,611 - INFO - Starting browser...
2025-11-14 21:16:10,887 - INFO - Using saved session...
2025-11-14 21:16:11,671 - INFO - Logged in using saved session
2025-11-14 21:16:11,671 - INFO - Browser started successfully
2025-11-14 21:16:11,671 - INFO - Scraping calendar data with modal details...
2025-11-14 21:16:11,671 - INFO - Navigating to calendar: https://boxmagic.cl/horarios/agenda_general
2025-11-14 21:16:17,172 - INFO - Waiting for calendar to load...
2025-11-14 21:16:20,417 - INFO - Found 49 events to process
2025-11-14 21:16:20,439 - INFO - Processing event 1/49: 6:00 - 7:00
2025-11-14 21:16:23,786 - INFO - ✓ Extracted details for event at 6:00
2025-11-14 21:16:23,788 - INFO - Processing event 2/49: 7:00 - 8:00
2025-11-14 21:16:26,999 - INFO - ✓ Extracted details for event at 7:00
2025-11-14 21:16:26,999 - INFO - Processing event 3/49: 8:00 - 9:00
2025-11-14 21:16:30,410 - INFO - ✓ Extracted details for event at 8:00
2025-11-14 21:16:30,411 - INFO - Processing event 4/49: 9:00 - 10:00
2025-11-14 21:16:33,582 - INFO - ✓ Extracted details for event at 9:00
2025-11-14 21:16:33,583 - INFO - Processing event 5/49: 10:00 - 11:00
2025-11-14 21:16:36,776 - INFO - ✓ Extracted details for event at 10:00
2025-11-14 21:16:36,780 - INFO - Processing event 6/49: 10:15 - 11:15
2025-11-14 21:16:39,979 - INFO - ✓ Extracted details for event at 10:15
2025-11-14 21:16:39,980 - INFO - Processing event 7/49: 12:00 - 1:00
2025-11-14 21:16:43,164 - INFO - ✓ Extracted details for event at 12:00
2025-11-14 21:16:43,165 - INFO - Processing event 8/49: 3:00 - 4:00
2025-11-14 21:16:46,346 - INFO - ✓ Extracted details for event at 3:00
2025-11-14 21:16:46,346 - INFO - Processing event 9/49: 4:00 - 5:00
2025-11-14 21:16:49,529 - INFO - ✓ Extracted details for event at 4:00
2025-11-14 21:16:49,529 - INFO - Processing event 10/49: 5:00 - 6:00
2025-11-14 21:16:52,665 - INFO - ✓ Extracted details for event at 5:00
2025-11-14 21:16:52,666 - INFO - Processing event 11/49: 6:00 - 7:00
2025-11-14 21:16:55,843 - INFO - ✓ Extracted details for event at 6:00
2025-11-14 21:16:55,843 - INFO - Processing event 12/49: 7:00 - 8:00
2025-11-14 21:16:59,032 - INFO - ✓ Extracted details for event at 7:00
2025-11-14 21:16:59,034 - INFO - Processing event 13/49: 8:00 - 9:00
2025-11-14 21:17:02,209 - INFO - ✓ Extracted details for event at 8:00
2025-11-14 21:17:02,209 - INFO - Processing event 14/49: 6:00 - 7:00
2025-11-14 21:17:05,410 - INFO - ✓ Extracted details for event at 6:00
2025-11-14 21:17:05,410 - INFO - Processing event 15/49: 7:00 - 8:00
2025-11-14 21:17:08,593 - INFO - ✓ Extracted details for event at 7:00
2025-11-14 21:17:08,593 - INFO - Processing event 16/49: 8:00 - 9:00
2025-11-14 21:17:11,775 - INFO - ✓ Extracted details for event at 8:00
2025-11-14 21:17:11,776 - INFO - Processing event 17/49: 6:00 - 7:00
2025-11-14 21:17:14,976 - INFO - ✓ Extracted details for event at 6:00
2025-11-14 21:17:14,976 - INFO - Processing event 18/49: 7:00 - 8:00
2025-11-14 21:17:18,157 - INFO - ✓ Extracted details for event at 7:00
2025-11-14 21:17:18,159 - INFO - Processing event 19/49: 8:00 - 9:00
2025-11-14 21:17:21,308 - INFO - ✓ Extracted details for event at 8:00
2025-11-14 21:17:21,309 - INFO - Processing event 20/49: 9:00 - 10:00
2025-11-14 21:17:24,492 - INFO - ✓ Extracted details for event at 9:00
2025-11-14 21:17:24,492 - INFO - Processing event 21/49: 10:00 - 11:00
2025-11-14 21:17:27,675 - INFO - ✓ Extracted details for event at 10:00
2025-11-14 21:17:27,676 - INFO - Processing event 22/49: 10:15 - 11:15
2025-11-14 21:17:30,809 - INFO - ✓ Extracted details for event at 10:15
2025-11-14 21:17:30,809 - INFO - Processing event 23/49: 12:00 - 1:00
2025-11-14 21:17:33,974 - INFO - ✓ Extracted details for event at 12:00
2025-11-14 21:17:33,975 - INFO - Processing event 24/49: 3:00 - 4:00
2025-11-14 21:17:37,189 - INFO - ✓ Extracted details for event at 3:00
2025-11-14 21:17:37,190 - INFO - Processing event 25/49: 4:00 - 5:00
2025-11-14 21:17:40,375 - INFO - ✓ Extracted details for event at 4:00
2025-11-14 21:17:40,375 - INFO - Processing event 26/49: 5:00 - 6:00
2025-11-14 21:17:43,554 - INFO - ✓ Extracted details for event at 5:00
2025-11-14 21:17:43,555 - INFO - Processing event 27/49: 6:00 - 7:00
2025-11-14 21:17:46,729 - INFO - ✓ Extracted details for event at 6:00
2025-11-14 21:17:46,729 - INFO - Processing event 28/49: 7:00 - 8:00
2025-11-14 21:17:49,910 - INFO - ✓ Extracted details for event at 7:00
2025-11-14 21:17:49,910 - INFO - Processing event 29/49: 8:00 - 9:00
2025-11-14 21:17:53,056 - INFO - ✓ Extracted details for event at 8:00
2025-11-14 21:17:53,058 - INFO - Processing event 30/49: 6:00 - 7:00
2025-11-14 21:17:56,234 - INFO - ✓ Extracted details for event at 6:00
2025-11-14 21:17:56,234 - INFO - Processing event 31/49: 7:00 - 8:00
2025-11-14 21:17:59,415 - INFO - ✓ Extracted details for event at 7:00
2025-11-14 21:17:59,415 - INFO - Processing event 32/49: 8:00 - 9:00
2025-11-14 21:18:02,562 - INFO - ✓ Extracted details for event at 8:00
2025-11-14 21:18:02,562 - INFO - Processing event 33/49: 5:30 - 6:30
2025-11-14 21:18:05,695 - INFO - ✓ Extracted details for event at 5:30
2025-11-14 21:18:05,696 - INFO - Processing event 34/49: 6:00 - 7:00
2025-11-14 21:18:08,858 - INFO - ✓ Extracted details for event at 6:00
2025-11-14 21:18:08,858 - INFO - Processing event 35/49: 7:00 - 8:00
2025-11-14 21:18:12,040 - INFO - ✓ Extracted details for event at 7:00
2025-11-14 21:18:12,040 - INFO - Processing event 36/49: 8:00 - 9:00
2025-11-14 21:18:15,193 - INFO - ✓ Extracted details for event at 8:00
2025-11-14 21:18:15,193 - INFO - Processing event 37/49: 9:00 - 10:00
2025-11-14 21:18:18,359 - INFO - ✓ Extracted details for event at 9:00
2025-11-14 21:18:18,360 - INFO - Processing event 38/49: 10:00 - 11:00
2025-11-14 21:18:21,507 - INFO - ✓ Extracted details for event at 10:00
2025-11-14 21:18:21,508 - INFO - Processing event 39/49: 10:15 - 11:15
2025-11-14 21:18:24,688 - INFO - ✓ Extracted details for event at 10:15
2025-11-14 21:18:24,688 - INFO - Processing event 40/49: 12:00 - 1:00
2025-11-14 21:18:27,871 - INFO - ✓ Extracted details for event at 12:00
2025-11-14 21:18:27,871 - INFO - Processing event 41/49: 3:00 - 4:00
2025-11-14 21:18:31,057 - INFO - ✓ Extracted details for event at 3:00
2025-11-14 21:18:31,058 - INFO - Processing event 42/49: 4:00 - 5:00
2025-11-14 21:18:34,240 - INFO - ✓ Extracted details for event at 4:00
2025-11-14 21:18:34,240 - INFO - Processing event 43/49: 5:00 - 6:00
2025-11-14 21:18:37,439 - INFO - ✓ Extracted details for event at 5:00
2025-11-14 21:18:37,439 - INFO - Processing event 44/49: 6:00 - 7:00
2025-11-14 21:18:40,622 - INFO - ✓ Extracted details for event at 6:00
2025-11-14 21:18:40,623 - INFO - Processing event 45/49: 7:00 - 8:00
2025-11-14 21:18:43,802 - INFO - ✓ Extracted details for event at 7:00
2025-11-14 21:18:43,802 - INFO - Processing event 46/49: 8:00 - 9:00
2025-11-14 21:18:46,967 - INFO - ✓ Extracted details for event at 8:00
2025-11-14 21:18:46,967 - INFO - Processing event 47/49: 9:00 - 10:00
2025-11-14 21:18:50,141 - INFO - ✓ Extracted details for event at 9:00
2025-11-14 21:18:50,141 - INFO - Processing event 48/49: 10:15 - 11:15
2025-11-14 21:18:53,335 - INFO - ✓ Extracted details for event at 10:15
2025-11-14 21:18:53,335 - INFO - Processing event 49/49: 10:15 - 11:15
2025-11-14 21:18:56,469 - INFO - ✓ Extracted details for event at 10:15
2025-11-14 21:18:56,470 - INFO - Successfully extracted details for 49 events
2025-11-14 21:18:56,484 - INFO - Data saved to /Users/carloshernandez/Desktop/scraper/data/output/calendar_detailed_20251114_211856.json
2025-11-14 21:18:56,484 - INFO - Total events with details: 49
2025-11-14 21:18:56,906 - INFO - Browser closed
2025-11-14 21:18:56,906 - INFO - Scraping completed successfully!
2025-11-14 21:38:59,868 - INFO - Starting BoxMagic scraper with modal details extraction...
2025-11-14 21:38:59,869 - INFO - Starting browser...
2025-11-14 21:39:01,507 - INFO - Using saved session...
2025-11-14 21:39:02,351 - INFO - Logged in using saved session
2025-11-14 21:39:02,351 - INFO - Browser started successfully
2025-11-14 21:39:02,351 - INFO - Scraping calendar data with modal details...
2025-11-14 21:39:02,351 - INFO - Navigating to calendar: https://boxmagic.cl/horarios/agenda_general
2025-11-14 21:39:08,014 - INFO - Waiting for calendar to load...
2025-11-14 21:39:11,263 - INFO - Found 49 events to process
2025-11-14 21:39:11,285 - INFO - Processing event 1/49: 6:00 - 7:00
2025-11-14 21:39:14,513 - INFO - ✓ Extracted details for event at 6:00
2025-11-14 21:39:14,515 - INFO - Processing event 2/49: 7:00 - 8:00
2025-11-14 21:39:17,676 - INFO - ✓ Extracted details for event at 7:00
2025-11-14 21:39:17,677 - INFO - Processing event 3/49: 8:00 - 9:00
2025-11-14 21:39:20,840 - INFO - ✓ Extracted details for event at 8:00
2025-11-14 21:39:20,840 - INFO - Processing event 4/49: 9:00 - 10:00
2025-11-14 21:39:24,024 - INFO - ✓ Extracted details for event at 9:00
2025-11-14 21:39:24,027 - INFO - Processing event 5/49: 10:00 - 11:00
2025-11-14 21:39:27,176 - INFO - ✓ Extracted details for event at 10:00
2025-11-14 21:39:27,176 - INFO - Processing event 6/49: 10:15 - 11:15
2025-11-14 21:39:30,356 - INFO - ✓ Extracted details for event at 10:15
2025-11-14 21:39:30,357 - INFO - Processing event 7/49: 12:00 - 1:00
2025-11-14 21:39:33,561 - INFO - ✓ Extracted details for event at 12:00
2025-11-14 21:39:33,564 - INFO - Processing event 8/49: 3:00 - 4:00
2025-11-14 21:39:36,766 - INFO - ✓ Extracted details for event at 3:00
2025-11-14 21:39:36,767 - INFO - Processing event 9/49: 4:00 - 5:00
2025-11-14 21:39:39,975 - INFO - ✓ Extracted details for event at 4:00
2025-11-14 21:39:39,976 - INFO - Processing event 10/49: 5:00 - 6:00
2025-11-14 21:39:43,157 - INFO - ✓ Extracted details for event at 5:00
2025-11-14 21:39:43,161 - INFO - Processing event 11/49: 6:00 - 7:00
2025-11-14 21:39:46,322 - INFO - ✓ Extracted details for event at 6:00
2025-11-14 21:39:46,322 - INFO - Processing event 12/49: 7:00 - 8:00
2025-11-14 21:39:49,505 - INFO - ✓ Extracted details for event at 7:00
2025-11-14 21:39:49,506 - INFO - Processing event 13/49: 8:00 - 9:00
2025-11-14 21:39:52,689 - INFO - ✓ Extracted details for event at 8:00
2025-11-14 21:39:52,691 - INFO - Processing event 14/49: 6:00 - 7:00
2025-11-14 21:39:55,844 - INFO - ✓ Extracted details for event at 6:00
2025-11-14 21:39:55,845 - INFO - Processing event 15/49: 7:00 - 8:00
2025-11-14 21:39:59,057 - INFO - ✓ Extracted details for event at 7:00
2025-11-14 21:39:59,058 - INFO - Processing event 16/49: 8:00 - 9:00
2025-11-14 21:40:02,223 - INFO - ✓ Extracted details for event at 8:00
2025-11-14 21:40:02,224 - INFO - Processing event 17/49: 6:00 - 7:00
2025-11-14 21:40:05,407 - INFO - ✓ Extracted details for event at 6:00
2025-11-14 21:40:05,410 - INFO - Processing event 18/49: 7:00 - 8:00
2025-11-14 21:40:08,590 - INFO - ✓ Extracted details for event at 7:00
2025-11-14 21:40:08,590 - INFO - Processing event 19/49: 8:00 - 9:00
2025-11-14 21:40:11,777 - INFO - ✓ Extracted details for event at 8:00
2025-11-14 21:40:11,778 - INFO - Processing event 20/49: 9:00 - 10:00
2025-11-14 21:40:14,958 - INFO - ✓ Extracted details for event at 9:00
2025-11-14 21:40:14,959 - INFO - Processing event 21/49: 10:00 - 11:00
2025-11-14 21:40:18,139 - INFO - ✓ Extracted details for event at 10:00
2025-11-14 21:40:18,140 - INFO - Processing event 22/49: 10:15 - 11:15
2025-11-14 21:40:21,323 - INFO - ✓ Extracted details for event at 10:15
2025-11-14 21:40:21,324 - INFO - Processing event 23/49: 12:00 - 1:00
2025-11-14 21:40:24,505 - INFO - ✓ Extracted details for event at 12:00
2025-11-14 21:40:24,506 - INFO - Processing event 24/49: 3:00 - 4:00
2025-11-14 21:40:27,671 - INFO - ✓ Extracted details for event at 3:00
2025-11-14 21:40:27,671 - INFO - Processing event 25/49: 4:00 - 5:00
2025-11-14 21:40:30,849 - INFO - ✓ Extracted details for event at 4:00
2025-11-14 21:40:30,850 - INFO - Processing event 26/49: 5:00 - 6:00
2025-11-14 21:40:34,039 - INFO - ✓ Extracted details for event at 5:00
2025-11-14 21:40:34,039 - INFO - Processing event 27/49: 6:00 - 7:00
2025-11-14 21:40:37,206 - INFO - ✓ Extracted details for event at 6:00
2025-11-14 21:40:37,207 - INFO - Processing event 28/49: 7:00 - 8:00
2025-11-14 21:40:40,372 - INFO - ✓ Extracted details for event at 7:00
2025-11-14 21:40:40,372 - INFO - Processing event 29/49: 8:00 - 9:00
2025-11-14 21:40:43,555 - INFO - ✓ Extracted details for event at 8:00
2025-11-14 21:40:43,557 - INFO - Processing event 30/49: 6:00 - 7:00
2025-11-14 21:40:46,738 - INFO - ✓ Extracted details for event at 6:00
2025-11-14 21:40:46,739 - INFO - Processing event 31/49: 7:00 - 8:00
2025-11-14 21:40:49,965 - INFO - ✓ Extracted details for event at 7:00
2025-11-14 21:40:49,967 - INFO - Processing event 32/49: 8:00 - 9:00
2025-11-14 21:40:53,171 - INFO - ✓ Extracted details for event at 8:00
2025-11-14 21:40:53,172 - INFO - Processing event 33/49: 5:30 - 6:30
2025-11-14 21:40:56,355 - INFO - ✓ Extracted details for event at 5:30
2025-11-14 21:40:56,356 - INFO - Processing event 34/49: 6:00 - 7:00
2025-11-14 21:40:59,536 - INFO - ✓ Extracted details for event at 6:00
2025-11-14 21:40:59,537 - INFO - Processing event 35/49: 7:00 - 8:00
2025-11-14 21:41:02,722 - INFO - ✓ Extracted details for event at 7:00
2025-11-14 21:41:02,723 - INFO - Processing event 36/49: 8:00 - 9:00
2025-11-14 21:41:05,903 - INFO - ✓ Extracted details for event at 8:00
2025-11-14 21:41:05,904 - INFO - Processing event 37/49: 9:00 - 10:00
2025-11-14 21:41:09,089 - INFO - ✓ Extracted details for event at 9:00
2025-11-14 21:41:09,089 - INFO - Processing event 38/49: 10:00 - 11:00
2025-11-14 21:41:12,255 - INFO - ✓ Extracted details for event at 10:00
2025-11-14 21:41:12,255 - INFO - Processing event 39/49: 10:15 - 11:15
2025-11-14 21:41:15,438 - INFO - ✓ Extracted details for event at 10:15
2025-11-14 21:41:15,440 - INFO - Processing event 40/49: 12:00 - 1:00
2025-11-14 21:41:18,621 - INFO - ✓ Extracted details for event at 12:00
2025-11-14 21:41:18,622 - INFO - Processing event 41/49: 3:00 - 4:00
2025-11-14 21:41:21,805 - INFO - ✓ Extracted details for event at 3:00
2025-11-14 21:41:21,806 - INFO - Processing event 42/49: 4:00 - 5:00
2025-11-14 21:41:24,988 - INFO - ✓ Extracted details for event at 4:00
2025-11-14 21:41:24,989 - INFO - Processing event 43/49: 5:00 - 6:00
2025-11-14 21:41:28,171 - INFO - ✓ Extracted details for event at 5:00
2025-11-14 21:41:28,171 - INFO - Processing event 44/49: 6:00 - 7:00
2025-11-14 21:41:31,355 - INFO - ✓ Extracted details for event at 6:00
2025-11-14 21:41:31,356 - INFO - Processing event 45/49: 7:00 - 8:00
2025-11-14 21:41:34,552 - INFO - ✓ Extracted details for event at 7:00
2025-11-14 21:41:34,552 - INFO - Processing event 46/49: 8:00 - 9:00
2025-11-14 21:41:37,973 - INFO - ✓ Extracted details for event at 8:00
2025-11-14 21:41:37,974 - INFO - Processing event 47/49: 9:00 - 10:00
2025-11-14 21:41:41,170 - INFO - ✓ Extracted details for event at 9:00
2025-11-14 21:41:41,171 - INFO - Processing event 48/49: 10:15 - 11:15
2025-11-14 21:41:44,353 - INFO - ✓ Extracted details for event at 10:15
2025-11-14 21:41:44,354 - INFO - Processing event 49/49: 10:15 - 11:15
2025-11-14 21:41:47,489 - INFO - ✓ Extracted details for event at 10:15
2025-11-14 21:41:47,489 - INFO - Successfully extracted details for 49 events
2025-11-14 21:41:47,496 - INFO - Data saved to /Users/carloshernandez/Desktop/scraper/data/output/calendar_detailed_20251114_214147.json
2025-11-14 21:41:47,496 - INFO - Total events with details: 49
2025-11-14 21:41:47,932 - INFO - Browser closed
2025-11-14 21:41:47,932 - INFO - Scraping completed successfully!
2025-11-14 22:47:02,072 - INFO - Starting BoxMagic scraper with modal details extraction...
2025-11-14 22:47:02,073 - INFO - Starting browser...
2025-11-14 22:47:03,523 - INFO - Using saved session...
2025-11-14 22:47:04,540 - INFO - Logged in using saved session
2025-11-14 22:47:04,540 - INFO - Browser started successfully
2025-11-14 22:47:04,541 - INFO - Scraping calendar data with modal details...
2025-11-14 22:47:04,541 - INFO - Navigating to calendar: https://boxmagic.cl/horarios/agenda_general
2025-11-14 22:47:09,899 - INFO - Waiting for calendar to load...
2025-11-14 22:47:13,218 - INFO - Found 49 events to process
2025-11-14 22:47:13,249 - INFO - Processing event 1/49: 6:00 - 7:00
2025-11-14 22:47:16,485 - INFO - ✓ Extracted details for event at 6:00
2025-11-14 22:47:16,486 - INFO - Processing event 2/49: 7:00 - 8:00
2025-11-14 22:47:19,661 - INFO - ✓ Extracted details for event at 7:00
2025-11-14 22:47:19,662 - INFO - Processing event 3/49: 8:00 - 9:00
2025-11-14 22:47:22,796 - INFO - ✓ Extracted details for event at 8:00
2025-11-14 22:47:22,798 - INFO - Processing event 4/49: 9:00 - 10:00
2025-11-14 22:47:25,981 - INFO - ✓ Extracted details for event at 9:00
2025-11-14 22:47:25,981 - INFO - Processing event 5/49: 10:00 - 11:00
2025-11-14 22:47:29,207 - INFO - ✓ Extracted details for event at 10:00
2025-11-14 22:47:29,208 - INFO - Processing event 6/49: 10:15 - 11:15
2025-11-14 22:47:32,334 - INFO - ✓ Extracted details for event at 10:15
2025-11-14 22:47:32,335 - INFO - Processing event 7/49: 12:00 - 1:00
2025-11-14 22:47:35,544 - INFO - ✓ Extracted details for event at 12:00
2025-11-14 22:47:35,545 - INFO - Processing event 8/49: 3:00 - 4:00
2025-11-14 22:47:38,722 - INFO - ✓ Extracted details for event at 3:00
2025-11-14 22:47:38,723 - INFO - Processing event 9/49: 4:00 - 5:00
2025-11-14 22:47:41,907 - INFO - ✓ Extracted details for event at 4:00
2025-11-14 22:47:41,908 - INFO - Processing event 10/49: 5:00 - 6:00
2025-11-14 22:47:45,093 - INFO - ✓ Extracted details for event at 5:00
2025-11-14 22:47:45,094 - INFO - Processing event 11/49: 6:00 - 7:00
2025-11-14 22:47:48,310 - INFO - ✓ Extracted details for event at 6:00
2025-11-14 22:47:48,310 - INFO - Processing event 12/49: 7:00 - 8:00
2025-11-14 22:47:51,509 - INFO - ✓ Extracted details for event at 7:00
2025-11-14 22:47:51,509 - INFO - Processing event 13/49: 8:00 - 9:00
2025-11-14 22:47:54,674 - INFO - ✓ Extracted details for event at 8:00
2025-11-14 22:47:54,676 - INFO - Processing event 14/49: 6:00 - 7:00
2025-11-14 22:47:57,873 - INFO - ✓ Extracted details for event at 6:00
2025-11-14 22:47:57,874 - INFO - Processing event 15/49: 7:00 - 8:00
2025-11-14 22:48:01,041 - INFO - ✓ Extracted details for event at 7:00
2025-11-14 22:48:01,041 - INFO - Processing event 16/49: 8:00 - 9:00
2025-11-14 22:48:04,207 - INFO - ✓ Extracted details for event at 8:00
2025-11-14 22:48:04,208 - INFO - Processing event 17/49: 6:00 - 7:00
2025-11-14 22:48:07,409 - INFO - ✓ Extracted details for event at 6:00
2025-11-14 22:48:07,409 - INFO - Processing event 18/49: 7:00 - 8:00
2025-11-14 22:48:10,577 - INFO - ✓ Extracted details for event at 7:00
2025-11-14 22:48:10,578 - INFO - Processing event 19/49: 8:00 - 9:00
2025-11-14 22:48:13,758 - INFO - ✓ Extracted details for event at 8:00
2025-11-14 22:48:13,758 - INFO - Processing event 20/49: 9:00 - 10:00
2025-11-14 22:48:16,926 - INFO - ✓ Extracted details for event at 9:00
2025-11-14 22:48:16,929 - INFO - Processing event 21/49: 10:00 - 11:00
2025-11-14 22:48:20,094 - INFO - ✓ Extracted details for event at 10:00
2025-11-14 22:48:20,094 - INFO - Processing event 22/49: 10:15 - 11:15
2025-11-14 22:48:23,274 - INFO - ✓ Extracted details for event at 10:15
2025-11-14 22:48:23,276 - INFO - Processing event 23/49: 12:00 - 1:00
2025-11-14 22:48:26,497 - INFO - ✓ Extracted details for event at 12:00
2025-11-14 22:48:26,497 - INFO - Processing event 24/49: 3:00 - 4:00
2025-11-14 22:48:29,672 - INFO - ✓ Extracted details for event at 3:00
2025-11-14 22:48:29,674 - INFO - Processing event 25/49: 4:00 - 5:00
2025-11-14 22:48:32,869 - INFO - ✓ Extracted details for event at 4:00
2025-11-14 22:48:32,870 - INFO - Processing event 26/49: 5:00 - 6:00
2025-11-14 22:48:36,044 - INFO - ✓ Extracted details for event at 5:00
2025-11-14 22:48:36,045 - INFO - Processing event 27/49: 6:00 - 7:00
2025-11-14 22:48:39,231 - INFO - ✓ Extracted details for event at 6:00
2025-11-14 22:48:39,232 - INFO - Processing event 28/49: 7:00 - 8:00
2025-11-14 22:48:42,389 - INFO - ✓ Extracted details for event at 7:00
2025-11-14 22:48:42,390 - INFO - Processing event 29/49: 8:00 - 9:00
2025-11-14 22:48:45,639 - INFO - ✓ Extracted details for event at 8:00
2025-11-14 22:48:45,640 - INFO - Processing event 30/49: 6:00 - 7:00
2025-11-14 22:48:48,928 - INFO - ✓ Extracted details for event at 6:00
2025-11-14 22:48:48,929 - INFO - Processing event 31/49: 7:00 - 8:00
2025-11-14 22:48:52,103 - INFO - ✓ Extracted details for event at 7:00
2025-11-14 22:48:52,103 - INFO - Processing event 32/49: 8:00 - 9:00
2025-11-14 22:48:55,288 - INFO - ✓ Extracted details for event at 8:00
2025-11-14 22:48:55,288 - INFO - Processing event 33/49: 5:30 - 6:30
2025-11-14 22:48:58,457 - INFO - ✓ Extracted details for event at 5:30
2025-11-14 22:48:58,458 - INFO - Processing event 34/49: 6:00 - 7:00
2025-11-14 22:49:01,606 - INFO - ✓ Extracted details for event at 6:00
2025-11-14 22:49:01,607 - INFO - Processing event 35/49: 7:00 - 8:00
2025-11-14 22:49:04,793 - INFO - ✓ Extracted details for event at 7:00
2025-11-14 22:49:04,794 - INFO - Processing event 36/49: 8:00 - 9:00
2025-11-14 22:49:07,983 - INFO - ✓ Extracted details for event at 8:00
2025-11-14 22:49:07,985 - INFO - Processing event 37/49: 9:00 - 10:00
2025-11-14 22:49:11,180 - INFO - ✓ Extracted details for event at 9:00
2025-11-14 22:49:11,180 - INFO - Processing event 38/49: 10:00 - 11:00
2025-11-14 22:49:14,345 - INFO - ✓ Extracted details for event at 10:00
2025-11-14 22:49:14,346 - INFO - Processing event 39/49: 10:15 - 11:15
2025-11-14 22:49:17,522 - INFO - ✓ Extracted details for event at 10:15
2025-11-14 22:49:17,523 - INFO - Processing event 40/49: 12:00 - 1:00
2025-11-14 22:49:20,693 - INFO - ✓ Extracted details for event at 12:00
2025-11-14 22:49:20,694 - INFO - Processing event 41/49: 3:00 - 4:00
2025-11-14 22:49:23,856 - INFO - ✓ Extracted details for event at 3:00
2025-11-14 22:49:23,856 - INFO - Processing event 42/49: 4:00 - 5:00
2025-11-14 22:49:27,025 - INFO - ✓ Extracted details for event at 4:00
2025-11-14 22:49:27,026 - INFO - Processing event 43/49: 5:00 - 6:00
2025-11-14 22:49:30,230 - INFO - ✓ Extracted details for event at 5:00
2025-11-14 22:49:30,230 - INFO - Processing event 44/49: 6:00 - 7:00
2025-11-14 22:49:33,390 - INFO - ✓ Extracted details for event at 6:00
2025-11-14 22:49:33,391 - INFO - Processing event 45/49: 7:00 - 8:00
2025-11-14 22:49:36,589 - INFO - ✓ Extracted details for event at 7:00
2025-11-14 22:49:36,589 - INFO - Processing event 46/49: 8:00 - 9:00
2025-11-14 22:49:39,759 - INFO - ✓ Extracted details for event at 8:00
2025-11-14 22:49:39,760 - INFO - Processing event 47/49: 9:00 - 10:00
2025-11-14 22:49:42,943 - INFO - ✓ Extracted details for event at 9:00
2025-11-14 22:49:42,945 - INFO - Processing event 48/49: 10:15 - 11:15
2025-11-14 22:49:46,048 - INFO - ✓ Extracted details for event at 10:15
2025-11-14 22:49:46,049 - INFO - Processing event 49/49: 10:15 - 11:15
2025-11-14 22:49:49,204 - INFO - ✓ Extracted details for event at 10:15
2025-11-14 22:49:49,205 - INFO - Successfully extracted details for 49 events
2025-11-14 22:49:49,209 - INFO - Data saved to /Users/carloshernandez/Desktop/scraper/data/output/calendar_detailed_20251114_224949.json
2025-11-14 22:49:49,209 - INFO - Total events with details: 49
2025-11-14 22:49:49,597 - INFO - Browser closed
2025-11-14 22:49:49,597 - INFO - Scraping completed successfully!
2025-11-14 23:01:35,171 - INFO - Starting BoxMagic scraper with coach filtering...
2025-11-14 23:01:35,171 - INFO - Starting browser...
2025-11-14 23:01:36,501 - INFO - Using saved session...
2025-11-14 23:01:37,240 - INFO - Logged in using saved session
2025-11-14 23:01:37,240 - INFO - Browser started successfully
2025-11-14 23:01:37,241 - INFO - Fetching available coaches...
2025-11-14 23:01:37,241 - INFO - Navigating to calendar: https://boxmagic.cl/horarios/agenda_general
2025-11-14 23:01:44,944 - INFO - Found 6 coaches: ['Grupal', 'Semiprivado', 'Sesión Privada', 'Open Gym', 'Online Coaching Premium', 'Privadas Hector']
2025-11-14 23:01:44,945 - INFO - Available coaches: ['Grupal', 'Semiprivado', 'Sesión Privada', 'Open Gym', 'Online Coaching Premium', 'Privadas Hector']
2025-11-14 23:01:44,945 - INFO - Scraping calendar for ALL coaches...
2025-11-14 23:01:44,945 - INFO - Navigating to calendar: https://boxmagic.cl/horarios/agenda_general
2025-11-14 23:01:51,739 - INFO - Found 6 coaches: ['Grupal', 'Semiprivado', 'Sesión Privada', 'Open Gym', 'Online Coaching Premium', 'Privadas Hector']
2025-11-14 23:01:51,740 - INFO - 
============================================================
2025-11-14 23:01:51,740 - INFO - Processing coach: Grupal
2025-11-14 23:01:51,740 - INFO - ============================================================

2025-11-14 23:01:51,740 - INFO - Navigating to calendar: https://boxmagic.cl/horarios/agenda_general
2025-11-14 23:01:56,134 - INFO - Waiting for calendar to load...
2025-11-14 23:01:59,159 - INFO - Selecting coach: Grupal
2025-11-14 23:01:59,160 - INFO - Step 1: Opening Profesor dropdown...
2025-11-14 23:01:59,182 - ERROR - Failed to open dropdown
2025-11-14 23:01:59,299 - ERROR - Failed to select coach: Grupal
2025-11-14 23:01:59,299 - ERROR - ✗ Failed to scrape data for Grupal
2025-11-14 23:01:59,299 - INFO - 
============================================================
2025-11-14 23:01:59,299 - INFO - Processing coach: Semiprivado
2025-11-14 23:01:59,299 - INFO - ============================================================

2025-11-14 23:01:59,299 - INFO - Navigating to calendar: https://boxmagic.cl/horarios/agenda_general
2025-11-14 23:02:04,667 - INFO - Waiting for calendar to load...
2025-11-14 23:02:07,718 - INFO - Selecting coach: Semiprivado
2025-11-14 23:02:07,720 - INFO - Step 1: Opening Profesor dropdown...
2025-11-14 23:02:07,742 - ERROR - Failed to open dropdown
2025-11-14 23:02:07,848 - ERROR - Failed to select coach: Semiprivado
2025-11-14 23:02:07,848 - ERROR - ✗ Failed to scrape data for Semiprivado
2025-11-14 23:02:07,848 - INFO - 
============================================================
2025-11-14 23:02:07,848 - INFO - Processing coach: Sesión Privada
2025-11-14 23:02:07,849 - INFO - ============================================================

2025-11-14 23:02:07,849 - INFO - Navigating to calendar: https://boxmagic.cl/horarios/agenda_general
2025-11-14 23:02:13,310 - INFO - Waiting for calendar to load...
2025-11-14 23:02:16,344 - INFO - Selecting coach: Sesión Privada
2025-11-14 23:02:16,345 - INFO - Step 1: Opening Profesor dropdown...
2025-11-14 23:02:16,364 - ERROR - Failed to open dropdown
2025-11-14 23:02:16,481 - ERROR - Failed to select coach: Sesión Privada
2025-11-14 23:02:16,481 - ERROR - ✗ Failed to scrape data for Sesión Privada
2025-11-14 23:02:16,481 - INFO - 
============================================================
2025-11-14 23:02:16,481 - INFO - Processing coach: Open Gym
2025-11-14 23:02:16,481 - INFO - ============================================================

2025-11-14 23:02:16,481 - INFO - Navigating to calendar: https://boxmagic.cl/horarios/agenda_general
2025-11-14 23:02:20,998 - INFO - Waiting for calendar to load...
2025-11-14 23:02:24,032 - INFO - Selecting coach: Open Gym
2025-11-14 23:02:24,033 - INFO - Step 1: Opening Profesor dropdown...
2025-11-14 23:02:24,052 - ERROR - Failed to open dropdown
2025-11-14 23:02:24,170 - ERROR - Failed to select coach: Open Gym
2025-11-14 23:02:24,170 - ERROR - ✗ Failed to scrape data for Open Gym
2025-11-14 23:02:24,170 - INFO - 
============================================================
2025-11-14 23:02:24,170 - INFO - Processing coach: Online Coaching Premium
2025-11-14 23:02:24,170 - INFO - ============================================================

2025-11-14 23:02:24,170 - INFO - Navigating to calendar: https://boxmagic.cl/horarios/agenda_general
2025-11-14 23:02:28,906 - INFO - Waiting for calendar to load...
2025-11-14 23:02:31,950 - INFO - Selecting coach: Online Coaching Premium
2025-11-14 23:02:31,951 - INFO - Step 1: Opening Profesor dropdown...
2025-11-14 23:02:31,976 - ERROR - Failed to open dropdown
2025-11-14 23:02:32,105 - ERROR - Failed to select coach: Online Coaching Premium
2025-11-14 23:02:32,107 - ERROR - ✗ Failed to scrape data for Online Coaching Premium
2025-11-14 23:02:32,107 - INFO - 
============================================================
2025-11-14 23:02:32,107 - INFO - Processing coach: Privadas Hector
2025-11-14 23:02:32,107 - INFO - ============================================================

2025-11-14 23:02:32,107 - INFO - Navigating to calendar: https://boxmagic.cl/horarios/agenda_general
2025-11-14 23:02:36,625 - INFO - Waiting for calendar to load...
2025-11-14 23:02:39,654 - INFO - Selecting coach: Privadas Hector
2025-11-14 23:02:39,654 - INFO - Step 1: Opening Profesor dropdown...
2025-11-14 23:02:39,683 - ERROR - Failed to open dropdown
2025-11-14 23:02:39,790 - ERROR - Failed to select coach: Privadas Hector
2025-11-14 23:02:39,790 - ERROR - ✗ Failed to scrape data for Privadas Hector
2025-11-14 23:02:39,792 - INFO - Data saved to /Users/carloshernandez/Desktop/scraper/data/output/calendar_by_coaches_20251114_230239.json
2025-11-14 23:02:39,792 - INFO - 
============================================================
2025-11-14 23:02:39,792 - INFO - SCRAPING SUMMARY
2025-11-14 23:02:39,792 - INFO - ============================================================
2025-11-14 23:02:39,792 - INFO - ============================================================

2025-11-14 23:02:40,191 - INFO - Browser closed
2025-11-14 23:02:40,191 - INFO - Scraping completed successfully!
2025-11-16 13:20:13,439 - INFO - Starting BoxMagic scraper with coach filtering...
2025-11-16 13:20:13,440 - INFO - Starting browser...
2025-11-16 13:20:15,421 - INFO - Using saved session...
2025-11-16 13:20:16,809 - INFO - Logged in using saved session
2025-11-16 13:20:16,810 - INFO - Browser started successfully
2025-11-16 13:20:16,810 - INFO - Fetching available coaches...
2025-11-16 13:20:16,810 - INFO - Navigating to calendar: https://boxmagic.cl/horarios/agenda_general
2025-11-16 13:20:49,251 - ERROR - Error getting coaches: Page.wait_for_selector: Timeout 30000ms exceeded.
Call log:
  - waiting for locator(".pace-done") to be visible

2025-11-16 13:20:49,367 - INFO - Available coaches: []
2025-11-16 13:20:49,367 - INFO - Scraping calendar for ALL coaches...
2025-11-16 13:20:49,367 - INFO - Navigating to calendar: https://boxmagic.cl/horarios/agenda_general
2025-11-16 13:21:21,076 - INFO - Starting BoxMagic scraper with coach filtering...
2025-11-16 13:21:21,076 - INFO - Starting browser...
2025-11-16 13:21:22,681 - INFO - Using saved session...
2025-11-16 13:21:23,488 - INFO - Logged in using saved session
2025-11-16 13:21:23,488 - INFO - Browser started successfully
2025-11-16 13:21:23,489 - INFO - Fetching available coaches...
2025-11-16 13:21:23,489 - INFO - Navigating to calendar: https://boxmagic.cl/horarios/agenda_general
2025-11-16 13:21:56,550 - INFO - Found 6 coaches: ['Instagram Live', 'Facebook Live', 'Youtube Live', 'Zoom', 'Google Meet', 'Otro']
2025-11-16 13:21:56,551 - INFO - Available coaches: ['Instagram Live', 'Facebook Live', 'Youtube Live', 'Zoom', 'Google Meet', 'Otro']
2025-11-16 13:21:56,551 - INFO - Scraping calendar for ALL coaches...
2025-11-16 13:21:56,551 - INFO - Navigating to calendar: https://boxmagic.cl/horarios/agenda_general
2025-11-16 13:22:02,728 - INFO - Found 6 coaches: ['Grupal', 'Semiprivado', 'Sesión Privada', 'Open Gym', 'Online Coaching Premium', 'Privadas Hector']
2025-11-16 13:22:02,729 - INFO - 
============================================================
2025-11-16 13:22:02,729 - INFO - Processing coach: Grupal
2025-11-16 13:22:02,729 - INFO - ============================================================

2025-11-16 13:22:02,729 - INFO - Navigating to calendar: https://boxmagic.cl/horarios/agenda_general
2025-11-16 13:22:06,548 - INFO - Waiting for calendar to load...
2025-11-16 13:22:09,578 - INFO - Selecting coach: Grupal
2025-11-16 13:22:09,578 - INFO - Step 1: Opening Profesor dropdown...
2025-11-16 13:22:09,606 - ERROR - Failed to open dropdown
2025-11-16 13:22:09,714 - ERROR - Failed to select coach: Grupal
2025-11-16 13:22:09,715 - ERROR - ✗ Failed to scrape data for Grupal
2025-11-16 13:22:09,715 - INFO - 
============================================================
2025-11-16 13:22:09,715 - INFO - Processing coach: Semiprivado
2025-11-16 13:22:09,715 - INFO - ============================================================

2025-11-16 13:22:09,715 - INFO - Navigating to calendar: https://boxmagic.cl/horarios/agenda_general
2025-11-16 13:22:14,651 - INFO - Waiting for calendar to load...
2025-11-16 13:23:54,707 - INFO - Starting BoxMagic check-in scraper...
2025-11-16 13:23:54,708 - INFO - Starting browser...
2025-11-16 13:23:56,358 - INFO - Using saved session...
2025-11-16 13:23:57,266 - INFO - Logged in using saved session
2025-11-16 13:23:57,266 - INFO - Browser started successfully
2025-11-16 13:23:57,267 - INFO - 
================================================================================
2025-11-16 13:23:57,267 - INFO - Starting check-in data scraping...
2025-11-16 13:23:57,267 - INFO - ================================================================================

2025-11-16 13:23:57,267 - INFO - 
================================================================================
2025-11-16 13:23:57,267 - INFO - Starting check-in scraping for dates 17-23 of 11/2025
2025-11-16 13:23:57,267 - INFO - ================================================================================

2025-11-16 13:23:57,267 - INFO - Navigating to check-in page: https://boxmagic.cl/checkin/clases
2025-11-16 13:24:29,520 - ERROR - Error in scrape_checkin_all_dates: Page.wait_for_selector: Timeout 30000ms exceeded.
Call log:
  - waiting for locator(".pace-done") to be visible
Traceback (most recent call last):
  File "/Users/carloshernandez/Desktop/scraper/src/scraper_playwright.py", line 966, in scrape_checkin_all_dates
    self.page.wait_for_selector('.pace-done', timeout=self.config.TIMEOUT)
  File "/Users/carloshernandez/Desktop/scraper/venv/lib/python3.9/site-packages/playwright/sync_api/_generated.py", line 8182, in wait_for_selector
    self._sync(
  File "/Users/carloshernandez/Desktop/scraper/venv/lib/python3.9/site-packages/playwright/_impl/_sync_base.py", line 115, in _sync
    return task.result()
  File "/Users/carloshernandez/Desktop/scraper/venv/lib/python3.9/site-packages/playwright/_impl/_page.py", line 422, in wait_for_selector
    return await self._main_frame.wait_for_selector(**locals_to_params(locals()))
  File "/Users/carloshernandez/Desktop/scraper/venv/lib/python3.9/site-packages/playwright/_impl/_frame.py", line 369, in wait_for_selector
    await self._channel.send(
  File "/Users/carloshernandez/Desktop/scraper/venv/lib/python3.9/site-packages/playwright/_impl/_connection.py", line 69, in send
    return await self._connection.wrap_api_call(
  File "/Users/carloshernandez/Desktop/scraper/venv/lib/python3.9/site-packages/playwright/_impl/_connection.py", line 559, in wrap_api_call
    raise rewrite_error(error, f"{parsed_st['apiName']}: {error}") from None
playwright._impl._errors.TimeoutError: Page.wait_for_selector: Timeout 30000ms exceeded.
Call log:
  - waiting for locator(".pace-done") to be visible

2025-11-16 13:24:29,524 - INFO - Check-in data saved to /Users/carloshernandez/Desktop/scraper/data/output/checkin_data_20251116_132429.json
2025-11-16 13:24:29,701 - INFO - Browser closed
2025-11-16 13:24:29,701 - INFO - Scraping completed successfully!
2025-11-16 13:26:59,077 - INFO - Starting BoxMagic check-in scraper...
2025-11-16 13:26:59,078 - INFO - Starting browser...
2025-11-16 13:27:00,192 - INFO - Using saved session...
2025-11-16 13:27:01,064 - INFO - Logged in using saved session
2025-11-16 13:27:01,064 - INFO - Browser started successfully
2025-11-16 13:27:01,064 - INFO - Browser ready. Current URL: about:blank
2025-11-16 13:27:01,064 - INFO - 
================================================================================
2025-11-16 13:27:01,064 - INFO - Starting check-in data scraping...
2025-11-16 13:27:01,064 - INFO - ================================================================================

2025-11-16 13:27:01,064 - INFO - 
================================================================================
2025-11-16 13:27:01,064 - INFO - Starting check-in scraping for dates 17-23 of 11/2025
2025-11-16 13:27:01,064 - INFO - ================================================================================

2025-11-16 13:27:01,064 - INFO - Navigating to check-in page: https://boxmagic.cl/checkin/clases
2025-11-16 13:27:03,128 - INFO - ✓ Successfully navigated to https://boxmagic.cl/checkin/clases
2025-11-16 13:27:03,129 - INFO - Current URL: https://auth.boxmagic.cl/login/
2025-11-16 13:27:03,129 - WARNING - Warning: Current URL doesn't contain 'checkin'. Expected: https://boxmagic.cl/checkin/clases
2025-11-16 13:27:03,129 - INFO - Waiting for page to load...
2025-11-16 13:27:20,382 - INFO - ✓ Page loaded (pace-done found)
2025-11-16 13:27:23,509 - INFO - ✓ Screenshot saved: checkin_page_loaded.png
2025-11-16 13:27:23,510 - INFO - 
################################################################################
2025-11-16 13:27:23,510 - INFO - Processing date: 17-11-2025 (Day 1/7)
2025-11-16 13:27:23,510 - INFO - ################################################################################

2025-11-16 13:27:23,510 - INFO - 
============================================================
2025-11-16 13:27:23,510 - INFO - Scraping check-in for date: 17-11-2025
2025-11-16 13:27:23,510 - INFO - ============================================================

2025-11-16 13:27:23,510 - INFO - Attempting to select date: 17-11-2025
2025-11-16 13:27:23,510 - INFO - Selecting date: 17-11-2025
2025-11-16 13:27:23,519 - INFO - ✓ Found date input with selector: input[name*="fecha"]
2025-11-16 13:27:53,668 - ERROR - Error selecting date: Locator.clear: Timeout 30000ms exceeded.
Call log:
  - waiting for locator("input[name*=\"fecha\"]").first
    - locator resolved to <input required="" type="text" placeholder="01/08/1988" id="fecha_nacimiento_alumno" name="fecha_nacimiento_alumno" class="form-control form-control"/>
    - fill("")
  - attempting fill action
    2 × waiting for element to be visible, enabled and editable
      - element is not visible
    - retrying fill action
    - waiting 20ms
    2 × waiting for element to be visible, enabled and editable
      - element is not visible
    - retrying fill action
      - waiting 100ms
    59 × waiting for element to be visible, enabled and editable
       - element is not visible
     - retrying fill action
       - waiting 500ms

2025-11-16 13:27:53,668 - ERROR - Failed to select date: 17-11-2025
2025-11-16 13:27:53,779 - ERROR - ✗ Failed to scrape date: 17-11-2025
2025-11-16 13:27:54,782 - INFO - 
################################################################################
2025-11-16 13:27:54,783 - INFO - Processing date: 18-11-2025 (Day 2/7)
2025-11-16 13:27:54,783 - INFO - ################################################################################

2025-11-16 13:27:54,783 - INFO - 
============================================================
2025-11-16 13:27:54,783 - INFO - Scraping check-in for date: 18-11-2025
2025-11-16 13:27:54,783 - INFO - ============================================================

2025-11-16 13:27:54,783 - INFO - Attempting to select date: 18-11-2025
2025-11-16 13:27:54,783 - INFO - Selecting date: 18-11-2025
2025-11-16 13:27:54,792 - INFO - ✓ Found date input with selector: input[name*="fecha"]
2025-11-16 13:28:24,926 - ERROR - Error selecting date: Locator.clear: Timeout 30000ms exceeded.
Call log:
  - waiting for locator("input[name*=\"fecha\"]").first
    - locator resolved to <input required="" type="text" placeholder="01/08/1988" id="fecha_nacimiento_alumno" name="fecha_nacimiento_alumno" class="form-control form-control"/>
    - fill("")
  - attempting fill action
    2 × waiting for element to be visible, enabled and editable
      - element is not visible
    - retrying fill action
    - waiting 20ms
    2 × waiting for element to be visible, enabled and editable
      - element is not visible
    - retrying fill action
      - waiting 100ms
    59 × waiting for element to be visible, enabled and editable
       - element is not visible
     - retrying fill action
       - waiting 500ms

2025-11-16 13:28:24,927 - ERROR - Failed to select date: 18-11-2025
2025-11-16 13:28:25,060 - ERROR - ✗ Failed to scrape date: 18-11-2025
2025-11-16 13:28:26,063 - INFO - 
################################################################################
2025-11-16 13:28:26,063 - INFO - Processing date: 19-11-2025 (Day 3/7)
2025-11-16 13:28:26,063 - INFO - ################################################################################

2025-11-16 13:28:26,063 - INFO - 
============================================================
2025-11-16 13:28:26,063 - INFO - Scraping check-in for date: 19-11-2025
2025-11-16 13:28:26,063 - INFO - ============================================================

2025-11-16 13:28:26,064 - INFO - Attempting to select date: 19-11-2025
2025-11-16 13:28:26,064 - INFO - Selecting date: 19-11-2025
2025-11-16 13:28:26,073 - INFO - ✓ Found date input with selector: input[name*="fecha"]
2025-11-16 13:28:56,207 - ERROR - Error selecting date: Locator.clear: Timeout 30000ms exceeded.
Call log:
  - waiting for locator("input[name*=\"fecha\"]").first
    - locator resolved to <input required="" type="text" placeholder="01/08/1988" id="fecha_nacimiento_alumno" name="fecha_nacimiento_alumno" class="form-control form-control"/>
    - fill("")
  - attempting fill action
    2 × waiting for element to be visible, enabled and editable
      - element is not visible
    - retrying fill action
    - waiting 20ms
    2 × waiting for element to be visible, enabled and editable
      - element is not visible
    - retrying fill action
      - waiting 100ms
    59 × waiting for element to be visible, enabled and editable
       - element is not visible
     - retrying fill action
       - waiting 500ms

2025-11-16 13:28:56,209 - ERROR - Failed to select date: 19-11-2025
2025-11-16 13:28:56,353 - ERROR - ✗ Failed to scrape date: 19-11-2025
2025-11-16 13:28:57,355 - INFO - 
################################################################################
2025-11-16 13:28:57,355 - INFO - Processing date: 20-11-2025 (Day 4/7)
2025-11-16 13:28:57,355 - INFO - ################################################################################

2025-11-16 13:28:57,355 - INFO - 
============================================================
2025-11-16 13:28:57,355 - INFO - Scraping check-in for date: 20-11-2025
2025-11-16 13:28:57,355 - INFO - ============================================================

2025-11-16 13:28:57,355 - INFO - Attempting to select date: 20-11-2025
2025-11-16 13:28:57,355 - INFO - Selecting date: 20-11-2025
2025-11-16 13:28:57,368 - INFO - ✓ Found date input with selector: input[name*="fecha"]
2025-11-16 13:29:27,479 - ERROR - Error selecting date: Locator.clear: Timeout 30000ms exceeded.
Call log:
  - waiting for locator("input[name*=\"fecha\"]").first
    - locator resolved to <input required="" type="text" placeholder="01/08/1988" id="fecha_nacimiento_alumno" name="fecha_nacimiento_alumno" class="form-control form-control"/>
    - fill("")
  - attempting fill action
    2 × waiting for element to be visible, enabled and editable
      - element is not visible
    - retrying fill action
    - waiting 20ms
    2 × waiting for element to be visible, enabled and editable
      - element is not visible
    - retrying fill action
      - waiting 100ms
    59 × waiting for element to be visible, enabled and editable
       - element is not visible
     - retrying fill action
       - waiting 500ms

2025-11-16 13:29:27,480 - ERROR - Failed to select date: 20-11-2025
2025-11-16 13:29:27,595 - ERROR - ✗ Failed to scrape date: 20-11-2025
2025-11-16 13:29:28,597 - INFO - 
################################################################################
2025-11-16 13:29:28,597 - INFO - Processing date: 21-11-2025 (Day 5/7)
2025-11-16 13:29:28,597 - INFO - ################################################################################

2025-11-16 13:29:28,597 - INFO - 
============================================================
2025-11-16 13:29:28,597 - INFO - Scraping check-in for date: 21-11-2025
2025-11-16 13:29:28,597 - INFO - ============================================================

2025-11-16 13:29:28,597 - INFO - Attempting to select date: 21-11-2025
2025-11-16 13:29:28,597 - INFO - Selecting date: 21-11-2025
2025-11-16 13:29:28,610 - INFO - ✓ Found date input with selector: input[name*="fecha"]
2025-11-16 13:29:58,721 - ERROR - Error selecting date: Locator.clear: Timeout 30000ms exceeded.
Call log:
  - waiting for locator("input[name*=\"fecha\"]").first
    - locator resolved to <input required="" type="text" placeholder="01/08/1988" id="fecha_nacimiento_alumno" name="fecha_nacimiento_alumno" class="form-control form-control"/>
    - fill("")
  - attempting fill action
    2 × waiting for element to be visible, enabled and editable
      - element is not visible
    - retrying fill action
    - waiting 20ms
    2 × waiting for element to be visible, enabled and editable
      - element is not visible
    - retrying fill action
      - waiting 100ms
    60 × waiting for element to be visible, enabled and editable
       - element is not visible
     - retrying fill action
       - waiting 500ms

2025-11-16 13:29:58,722 - ERROR - Failed to select date: 21-11-2025
2025-11-16 13:29:58,827 - ERROR - ✗ Failed to scrape date: 21-11-2025
2025-11-16 13:29:59,829 - INFO - 
################################################################################
2025-11-16 13:29:59,829 - INFO - Processing date: 22-11-2025 (Day 6/7)
2025-11-16 13:29:59,829 - INFO - ################################################################################

2025-11-16 13:29:59,829 - INFO - 
============================================================
2025-11-16 13:29:59,829 - INFO - Scraping check-in for date: 22-11-2025
2025-11-16 13:29:59,829 - INFO - ============================================================

2025-11-16 13:29:59,829 - INFO - Attempting to select date: 22-11-2025
2025-11-16 13:29:59,829 - INFO - Selecting date: 22-11-2025
2025-11-16 13:29:59,835 - INFO - ✓ Found date input with selector: input[name*="fecha"]
2025-11-16 13:30:29,951 - ERROR - Error selecting date: Locator.clear: Timeout 30000ms exceeded.
Call log:
  - waiting for locator("input[name*=\"fecha\"]").first
    - locator resolved to <input required="" type="text" placeholder="01/08/1988" id="fecha_nacimiento_alumno" name="fecha_nacimiento_alumno" class="form-control form-control"/>
    - fill("")
  - attempting fill action
    2 × waiting for element to be visible, enabled and editable
      - element is not visible
    - retrying fill action
    - waiting 20ms
    2 × waiting for element to be visible, enabled and editable
      - element is not visible
    - retrying fill action
      - waiting 100ms
    60 × waiting for element to be visible, enabled and editable
       - element is not visible
     - retrying fill action
       - waiting 500ms

2025-11-16 13:30:29,951 - ERROR - Failed to select date: 22-11-2025
2025-11-16 13:30:30,062 - ERROR - ✗ Failed to scrape date: 22-11-2025
2025-11-16 13:30:31,065 - INFO - 
################################################################################
2025-11-16 13:30:31,065 - INFO - Processing date: 23-11-2025 (Day 7/7)
2025-11-16 13:30:31,065 - INFO - ################################################################################

2025-11-16 13:30:31,065 - INFO - 
============================================================
2025-11-16 13:30:31,065 - INFO - Scraping check-in for date: 23-11-2025
2025-11-16 13:30:31,065 - INFO - ============================================================

2025-11-16 13:30:31,065 - INFO - Attempting to select date: 23-11-2025
2025-11-16 13:30:31,065 - INFO - Selecting date: 23-11-2025
2025-11-16 13:30:31,077 - INFO - ✓ Found date input with selector: input[name*="fecha"]
2025-11-16 13:31:01,191 - ERROR - Error selecting date: Locator.clear: Timeout 30000ms exceeded.
Call log:
  - waiting for locator("input[name*=\"fecha\"]").first
    - locator resolved to <input required="" type="text" placeholder="01/08/1988" id="fecha_nacimiento_alumno" name="fecha_nacimiento_alumno" class="form-control form-control"/>
    - fill("")
  - attempting fill action
    2 × waiting for element to be visible, enabled and editable
      - element is not visible
    - retrying fill action
    - waiting 20ms
    2 × waiting for element to be visible, enabled and editable
      - element is not visible
    - retrying fill action
      - waiting 100ms
    59 × waiting for element to be visible, enabled and editable
       - element is not visible
     - retrying fill action
       - waiting 500ms

2025-11-16 13:31:01,192 - ERROR - Failed to select date: 23-11-2025
2025-11-16 13:31:01,290 - ERROR - ✗ Failed to scrape date: 23-11-2025
2025-11-16 13:31:02,292 - INFO - 
================================================================================
2025-11-16 13:31:02,292 - INFO - CHECK-IN SCRAPING SUMMARY
2025-11-16 13:31:02,292 - INFO - ================================================================================
2025-11-16 13:31:02,292 - INFO - Total dates processed: 0
2025-11-16 13:31:02,292 - INFO - Total classes: 0
2025-11-16 13:31:02,292 - INFO - Total reservations: 0
2025-11-16 13:31:02,292 - INFO - ================================================================================

2025-11-16 13:31:02,294 - INFO - Check-in data saved to /Users/carloshernandez/Desktop/scraper/data/output/checkin_data_20251116_133102.json
2025-11-16 13:31:02,294 - INFO - 
================================================================================
2025-11-16 13:31:02,294 - INFO - CHECK-IN SCRAPING SUMMARY
2025-11-16 13:31:02,295 - INFO - ================================================================================
2025-11-16 13:31:02,295 - INFO - Total dates: 0
2025-11-16 13:31:02,295 - INFO - Total classes: 0
2025-11-16 13:31:02,295 - INFO - Total reservations: 0
2025-11-16 13:31:02,295 - INFO - ================================================================================

2025-11-16 13:31:02,705 - INFO - Browser closed
2025-11-16 13:31:02,705 - INFO - Scraping completed successfully!
2025-11-16 13:45:15,516 - INFO - Starting BoxMagic check-in scraper...
2025-11-16 13:45:15,517 - INFO - Starting browser...
2025-11-16 13:45:17,310 - INFO - Using saved session...
2025-11-16 13:45:18,589 - INFO - Logged in using saved session
2025-11-16 13:45:18,590 - INFO - Browser started successfully
2025-11-16 13:45:18,590 - INFO - Browser ready. Current URL: about:blank
2025-11-16 13:45:18,590 - INFO - 
================================================================================
2025-11-16 13:45:18,590 - INFO - Starting check-in data scraping...
2025-11-16 13:45:18,590 - INFO - ================================================================================

2025-11-16 13:45:18,590 - INFO - 
================================================================================
2025-11-16 13:45:18,590 - INFO - Starting check-in scraping for dates 17-22 of 11/2025
2025-11-16 13:45:18,590 - INFO - ================================================================================

2025-11-16 13:45:18,590 - INFO - Navigating to check-in page: https://boxmagic.cl/checkin/clases
2025-11-16 13:45:21,543 - INFO - ✓ Successfully navigated to https://boxmagic.cl/checkin/clases
2025-11-16 13:45:21,544 - INFO - Current URL: https://auth.boxmagic.cl/login/
2025-11-16 13:45:21,544 - WARNING - Warning: Current URL doesn't contain 'checkin'. Expected: https://boxmagic.cl/checkin/clases
2025-11-16 13:45:21,544 - INFO - Waiting for page to load...
2025-11-16 13:45:39,104 - INFO - ✓ Page loaded (pace-done found)
2025-11-16 13:45:42,235 - INFO - ✓ Screenshot saved: checkin_page_loaded.png
2025-11-16 13:45:42,236 - INFO - 
################################################################################
2025-11-16 13:45:42,236 - INFO - Processing date: 17-11-2025 (Day 1/6)
2025-11-16 13:45:42,236 - INFO - ################################################################################

2025-11-16 13:45:42,236 - INFO - 
============================================================
2025-11-16 13:45:42,236 - INFO - Scraping check-in for date: 17-11-2025
2025-11-16 13:45:42,236 - INFO - ============================================================

2025-11-16 13:45:42,236 - INFO - Attempting to select date: 17-11-2025
2025-11-16 13:45:42,236 - INFO - Selecting date: 17-11-2025
2025-11-16 13:45:42,245 - INFO - ✓ Found date input with selector: input[name*="fecha"]
2025-11-16 13:46:12,517 - ERROR - Error selecting date: Locator.clear: Timeout 30000ms exceeded.
Call log:
  - waiting for locator("input[name*=\"fecha\"]").first
    - locator resolved to <input required="" type="text" placeholder="01/08/1988" id="fecha_nacimiento_alumno" name="fecha_nacimiento_alumno" class="form-control form-control"/>
    - fill("")
  - attempting fill action
    2 × waiting for element to be visible, enabled and editable
      - element is not visible
    - retrying fill action
    - waiting 20ms
    2 × waiting for element to be visible, enabled and editable
      - element is not visible
    - retrying fill action
      - waiting 100ms
    59 × waiting for element to be visible, enabled and editable
       - element is not visible
     - retrying fill action
       - waiting 500ms

2025-11-16 13:46:12,518 - ERROR - Failed to select date: 17-11-2025
2025-11-16 13:46:12,718 - ERROR - ✗ Failed to scrape date: 17-11-2025
2025-11-16 13:46:13,722 - INFO - 
################################################################################
2025-11-16 13:46:13,723 - INFO - Processing date: 18-11-2025 (Day 2/6)
2025-11-16 13:46:13,723 - INFO - ################################################################################

2025-11-16 13:46:13,723 - INFO - 
============================================================
2025-11-16 13:46:13,723 - INFO - Scraping check-in for date: 18-11-2025
2025-11-16 13:46:13,723 - INFO - ============================================================

2025-11-16 13:46:13,723 - INFO - Attempting to select date: 18-11-2025
2025-11-16 13:46:13,723 - INFO - Selecting date: 18-11-2025
2025-11-16 13:46:13,739 - INFO - ✓ Found date input with selector: input[name*="fecha"]
2025-11-16 13:46:43,886 - ERROR - Error selecting date: Locator.clear: Timeout 30000ms exceeded.
Call log:
  - waiting for locator("input[name*=\"fecha\"]").first
    - locator resolved to <input required="" type="text" placeholder="01/08/1988" id="fecha_nacimiento_alumno" name="fecha_nacimiento_alumno" class="form-control form-control"/>
    - fill("")
  - attempting fill action
    2 × waiting for element to be visible, enabled and editable
      - element is not visible
    - retrying fill action
    - waiting 20ms
    2 × waiting for element to be visible, enabled and editable
      - element is not visible
    - retrying fill action
      - waiting 100ms
    59 × waiting for element to be visible, enabled and editable
       - element is not visible
     - retrying fill action
       - waiting 500ms

2025-11-16 13:46:43,887 - ERROR - Failed to select date: 18-11-2025
2025-11-16 13:46:44,023 - ERROR - ✗ Failed to scrape date: 18-11-2025
2025-11-16 13:46:45,026 - INFO - 
################################################################################
2025-11-16 13:46:45,026 - INFO - Processing date: 19-11-2025 (Day 3/6)
2025-11-16 13:46:45,026 - INFO - ################################################################################

2025-11-16 13:46:45,026 - INFO - 
============================================================
2025-11-16 13:46:45,026 - INFO - Scraping check-in for date: 19-11-2025
2025-11-16 13:46:45,026 - INFO - ============================================================

2025-11-16 13:46:45,026 - INFO - Attempting to select date: 19-11-2025
2025-11-16 13:46:45,026 - INFO - Selecting date: 19-11-2025
2025-11-16 13:46:45,036 - INFO - ✓ Found date input with selector: input[name*="fecha"]
2025-11-16 13:47:15,147 - ERROR - Error selecting date: Locator.clear: Timeout 30000ms exceeded.
Call log:
  - waiting for locator("input[name*=\"fecha\"]").first
    - locator resolved to <input required="" type="text" placeholder="01/08/1988" id="fecha_nacimiento_alumno" name="fecha_nacimiento_alumno" class="form-control form-control"/>
    - fill("")
  - attempting fill action
    2 × waiting for element to be visible, enabled and editable
      - element is not visible
    - retrying fill action
    - waiting 20ms
    2 × waiting for element to be visible, enabled and editable
      - element is not visible
    - retrying fill action
      - waiting 100ms
    59 × waiting for element to be visible, enabled and editable
       - element is not visible
     - retrying fill action
       - waiting 500ms

2025-11-16 13:47:15,147 - ERROR - Failed to select date: 19-11-2025
2025-11-16 13:47:15,375 - ERROR - ✗ Failed to scrape date: 19-11-2025
2025-11-16 13:47:16,378 - INFO - 
################################################################################
2025-11-16 13:47:16,378 - INFO - Processing date: 20-11-2025 (Day 4/6)
2025-11-16 13:47:16,378 - INFO - ################################################################################

2025-11-16 13:47:16,378 - INFO - 
============================================================
2025-11-16 13:47:16,379 - INFO - Scraping check-in for date: 20-11-2025
2025-11-16 13:47:16,379 - INFO - ============================================================

2025-11-16 13:47:16,379 - INFO - Attempting to select date: 20-11-2025
2025-11-16 13:47:16,379 - INFO - Selecting date: 20-11-2025
2025-11-16 13:47:16,390 - INFO - ✓ Found date input with selector: input[name*="fecha"]
2025-11-16 13:48:47,382 - INFO - Starting BoxMagic check-in scraper...
2025-11-16 13:48:47,383 - INFO - Starting browser...
2025-11-16 13:48:49,021 - INFO - Using saved session...
2025-11-16 13:48:49,834 - INFO - Logged in using saved session
2025-11-16 13:48:49,834 - INFO - Browser started successfully
2025-11-16 13:48:49,834 - INFO - Browser ready. Current URL: about:blank
2025-11-16 13:48:49,834 - INFO - 
================================================================================
2025-11-16 13:48:49,834 - INFO - Starting check-in data scraping...
2025-11-16 13:48:49,834 - INFO - ================================================================================

2025-11-16 13:48:49,834 - INFO - 
================================================================================
2025-11-16 13:48:49,834 - INFO - Starting check-in scraping for dates 17-22 of 11/2025
2025-11-16 13:48:49,834 - INFO - ================================================================================

2025-11-16 13:48:49,834 - INFO - Navigating to check-in page: https://boxmagic.cl/checkin/clases
2025-11-16 13:48:52,002 - INFO - ✓ Successfully navigated to https://boxmagic.cl/checkin/clases
2025-11-16 13:48:52,002 - INFO - Current URL: https://auth.boxmagic.cl/login/
2025-11-16 13:48:52,003 - WARNING - Warning: Current URL doesn't contain 'checkin'. Expected: https://boxmagic.cl/checkin/clases
2025-11-16 13:48:52,003 - INFO - Waiting for page to load...
2025-11-16 13:49:11,109 - INFO - ✓ Page loaded (pace-done found)
2025-11-16 13:49:14,230 - INFO - ✓ Screenshot saved: checkin_page_loaded.png
2025-11-16 13:49:14,230 - INFO - 
################################################################################
2025-11-16 13:49:14,230 - INFO - Processing date: 17-11-2025 (Day 1/6)
2025-11-16 13:49:14,230 - INFO - ################################################################################

2025-11-16 13:49:14,230 - INFO - 
============================================================
2025-11-16 13:49:14,230 - INFO - Scraping check-in for date: 17-11-2025
2025-11-16 13:49:14,230 - INFO - ============================================================

2025-11-16 13:49:14,230 - INFO - Attempting to select date: 17-11-2025
2025-11-16 13:49:14,231 - INFO - Selecting date: 17-11-2025
2025-11-16 13:49:14,235 - INFO - Found date input with selector: #class_date
2025-11-16 13:49:14,235 - ERROR - Error with date selector #class_date: evaluate() takes from 2 to 3 positional arguments but 4 were given
2025-11-16 13:49:14,235 - ERROR - Failed to select date: 17-11-2025
2025-11-16 13:49:14,314 - ERROR - ✗ Failed to scrape date: 17-11-2025
2025-11-16 13:49:15,318 - INFO - 
################################################################################
2025-11-16 13:49:15,319 - INFO - Processing date: 18-11-2025 (Day 2/6)
2025-11-16 13:49:15,319 - INFO - ################################################################################

2025-11-16 13:49:15,319 - INFO - 
============================================================
2025-11-16 13:49:15,319 - INFO - Scraping check-in for date: 18-11-2025
2025-11-16 13:49:15,319 - INFO - ============================================================

2025-11-16 13:49:15,319 - INFO - Attempting to select date: 18-11-2025
2025-11-16 13:49:15,319 - INFO - Selecting date: 18-11-2025
2025-11-16 13:49:15,330 - INFO - Found date input with selector: #class_date
2025-11-16 13:49:15,330 - ERROR - Error with date selector #class_date: evaluate() takes from 2 to 3 positional arguments but 4 were given
2025-11-16 13:49:15,330 - ERROR - Failed to select date: 18-11-2025
2025-11-16 13:49:15,430 - ERROR - ✗ Failed to scrape date: 18-11-2025
2025-11-16 13:49:16,433 - INFO - 
################################################################################
2025-11-16 13:49:16,434 - INFO - Processing date: 19-11-2025 (Day 3/6)
2025-11-16 13:49:16,434 - INFO - ################################################################################

2025-11-16 13:49:16,434 - INFO - 
============================================================
2025-11-16 13:49:16,434 - INFO - Scraping check-in for date: 19-11-2025
2025-11-16 13:49:16,434 - INFO - ============================================================

2025-11-16 13:49:16,434 - INFO - Attempting to select date: 19-11-2025
2025-11-16 13:49:16,434 - INFO - Selecting date: 19-11-2025
2025-11-16 13:49:16,444 - INFO - Found date input with selector: #class_date
2025-11-16 13:49:16,444 - ERROR - Error with date selector #class_date: evaluate() takes from 2 to 3 positional arguments but 4 were given
2025-11-16 13:49:16,445 - ERROR - Failed to select date: 19-11-2025
2025-11-16 13:49:16,560 - ERROR - ✗ Failed to scrape date: 19-11-2025
2025-11-16 13:49:17,562 - INFO - 
################################################################################
2025-11-16 13:49:17,562 - INFO - Processing date: 20-11-2025 (Day 4/6)
2025-11-16 13:49:17,562 - INFO - ################################################################################

2025-11-16 13:49:17,563 - INFO - 
============================================================
2025-11-16 13:49:17,563 - INFO - Scraping check-in for date: 20-11-2025
2025-11-16 13:49:17,563 - INFO - ============================================================

2025-11-16 13:49:17,563 - INFO - Attempting to select date: 20-11-2025
2025-11-16 13:49:17,563 - INFO - Selecting date: 20-11-2025
2025-11-16 13:49:17,570 - INFO - Found date input with selector: #class_date
2025-11-16 13:49:17,570 - ERROR - Error with date selector #class_date: evaluate() takes from 2 to 3 positional arguments but 4 were given
2025-11-16 13:49:17,570 - ERROR - Failed to select date: 20-11-2025
2025-11-16 13:49:17,680 - ERROR - ✗ Failed to scrape date: 20-11-2025
2025-11-16 13:49:18,683 - INFO - 
################################################################################
2025-11-16 13:49:18,683 - INFO - Processing date: 21-11-2025 (Day 5/6)
2025-11-16 13:49:18,683 - INFO - ################################################################################

2025-11-16 13:49:18,683 - INFO - 
============================================================
2025-11-16 13:49:18,684 - INFO - Scraping check-in for date: 21-11-2025
2025-11-16 13:49:18,684 - INFO - ============================================================

2025-11-16 13:49:18,684 - INFO - Attempting to select date: 21-11-2025
2025-11-16 13:49:18,684 - INFO - Selecting date: 21-11-2025
2025-11-16 13:49:18,695 - INFO - Found date input with selector: #class_date
2025-11-16 13:49:18,695 - ERROR - Error with date selector #class_date: evaluate() takes from 2 to 3 positional arguments but 4 were given
2025-11-16 13:49:18,695 - ERROR - Failed to select date: 21-11-2025
2025-11-16 13:49:18,806 - ERROR - ✗ Failed to scrape date: 21-11-2025
2025-11-16 13:49:19,811 - INFO - 
################################################################################
2025-11-16 13:49:19,811 - INFO - Processing date: 22-11-2025 (Day 6/6)
2025-11-16 13:49:19,811 - INFO - ################################################################################

2025-11-16 13:49:19,812 - INFO - 
============================================================
2025-11-16 13:49:19,812 - INFO - Scraping check-in for date: 22-11-2025
2025-11-16 13:49:19,812 - INFO - ============================================================

2025-11-16 13:49:19,812 - INFO - Attempting to select date: 22-11-2025
2025-11-16 13:49:19,812 - INFO - Selecting date: 22-11-2025
2025-11-16 13:49:19,823 - INFO - Found date input with selector: #class_date
2025-11-16 13:49:19,823 - ERROR - Error with date selector #class_date: evaluate() takes from 2 to 3 positional arguments but 4 were given
2025-11-16 13:49:19,823 - ERROR - Failed to select date: 22-11-2025
2025-11-16 13:49:19,943 - ERROR - ✗ Failed to scrape date: 22-11-2025
2025-11-16 13:49:20,949 - INFO - 
================================================================================
2025-11-16 13:49:20,949 - INFO - CHECK-IN SCRAPING SUMMARY
2025-11-16 13:49:20,949 - INFO - ================================================================================
2025-11-16 13:49:20,950 - INFO - Total dates processed: 0
2025-11-16 13:49:20,951 - INFO - Total classes: 0
2025-11-16 13:49:20,951 - INFO - Total reservations: 0
2025-11-16 13:49:20,952 - INFO - ================================================================================

2025-11-16 13:49:20,953 - INFO - Check-in data saved to /Users/carloshernandez/Desktop/scraper/data/output/checkin_data_20251116_134920.json
2025-11-16 13:49:20,954 - INFO - 
================================================================================
2025-11-16 13:49:20,954 - INFO - CHECK-IN SCRAPING SUMMARY
2025-11-16 13:49:20,955 - INFO - ================================================================================
2025-11-16 13:49:20,955 - INFO - Total dates: 0
2025-11-16 13:49:20,957 - INFO - Total classes: 0
2025-11-16 13:49:20,957 - INFO - Total reservations: 0
2025-11-16 13:49:20,957 - INFO - ================================================================================

2025-11-16 13:49:21,415 - INFO - Browser closed
2025-11-16 13:49:21,415 - INFO - Scraping completed successfully!
